INFO:root:
TOL = 1e-06
MAX_IT = 30
time values = [0.1  0.15 0.2  0.25 0.3  0.35 0.4  0.45 0.5 ]
eval point = (0.35000000000000003, 0, 0)
angluar frequency = 188.49555921538757

INFO:root:
Implicit Euler Iteration: 0

INFO:root:
TOL = 1e-06
MAX_IT = 30
time values = [0.1  0.15 0.2  0.25 0.3  0.35 0.4  0.45 0.5 ]
eval point = (0.35000000000000003, 0, 0)
angluar frequency = 188.49555921538757

INFO:root:
Implicit Euler Iteration: 0

INFO:root: error 0.038969553427421436 in newton iteration 1
INFO:root: error 2.064803039974478e-06 in newton iteration 2
INFO:root: error 1.2550867443953388e-09 in newton iteration 3
INFO:root:B(0.1): (7.057904365334193e-06, 0.00010918448511453374, 0.00010513703821188065)
INFO:root:
Implicit Euler Iteration: 1

INFO:root: error 0.15229884527259613 in newton iteration 1
INFO:root: error 9.087693957828089e-05 in newton iteration 2
INFO:root: error 5.737136858197503e-08 in newton iteration 3
INFO:root:B(0.15000000000000002): (-1.9855431719893537e-05, -0.00017537312706316253, -5.626746243615583e-06)
INFO:root:
Implicit Euler Iteration: 2

INFO:root: error 0.14952420574905173 in newton iteration 1
INFO:root: error 0.00013592066780511255 in newton iteration 2
INFO:root: error 2.518772199164955e-07 in newton iteration 3
INFO:root:B(0.20000000000000004): (1.5784069985673266e-05, 0.00013665049752333973, 0.00019701409046636253)
INFO:root:
Implicit Euler Iteration: 3

INFO:root: error 0.14969954734231283 in newton iteration 1
INFO:root: error 5.404559801924634e-05 in newton iteration 2
INFO:root: error 4.534669846976799e-08 in newton iteration 3
INFO:root:B(0.25000000000000006): (-1.6632672707705203e-05, -0.00015199526240583243, 2.7937127515075546e-05)
INFO:root:
Implicit Euler Iteration: 4

INFO:root: error 0.14985555432899278 in newton iteration 1
INFO:root: error 0.0001224306742167293 in newton iteration 2
INFO:root: error 1.6189330951109612e-07 in newton iteration 3
INFO:root:B(0.30000000000000004): (1.625447019768808e-05, 0.00014703732855155007, 0.0001957394347753779)
INFO:root:
Implicit Euler Iteration: 5

INFO:root: error 0.1496576914525005 in newton iteration 1
INFO:root: error 6.464209561909346e-05 in newton iteration 2
INFO:root:
TOL = 1e-06
MAX_IT = 30
time values = [0.1 0.6]
eval point = (0.35000000000000003, 0, 0)
angluar frequency = 188.49555921538757

INFO:root:
Implicit Euler Iteration: 0

