DEBUG:matplotlib:CONFIGDIR=/home/ams/.config/matplotlib
DEBUG:matplotlib:(private) matplotlib data path: /home/ams/.local/lib/python3.8/site-packages/matplotlib/mpl-data
DEBUG:matplotlib:matplotlib data path: /home/ams/.local/lib/python3.8/site-packages/matplotlib/mpl-data
DEBUG:matplotlib:loaded rc file /home/ams/.local/lib/python3.8/site-packages/matplotlib/mpl-data/matplotlibrc
DEBUG:matplotlib:matplotlib version 3.2.2
DEBUG:matplotlib:interactive is False
DEBUG:matplotlib:platform is linux
DEBUG:matplotlib:loaded modules: ['sys', 'builtins', '_frozen_importlib', '_imp', '_warnings', '_frozen_importlib_external', '_io', 'marshal', 'posix', '_thread', '_weakref', 'time', 'zipimport', '_codecs', 'codecs', 'encodings.aliases', 'encodings', 'encodings.utf_8', '_signal', '__main__', 'encodings.latin_1', '_abc', 'abc', 'io', '_stat', 'stat', '_collections_abc', 'genericpath', 'posixpath', 'os.path', 'os', '_sitebuiltins', '_locale', '_bootlocale', 'importlib._bootstrap', 'importlib._bootstrap_external', 'types', 'warnings', 'importlib', 'importlib.machinery', 'importlib.abc', '_operator', 'operator', 'keyword', '_heapq', 'heapq', 'itertools', 'reprlib', '_collections', 'collections', '_functools', 'functools', 'contextlib', 'importlib.util', '_weakrefset', 'threading', '_virtualenv', 'mpl_toolkits', 'repoze', 'apport_python_hook', 'sitecustomize', 'site', 'weakref', 'pkgutil', 'runpy', 'ipykernel._version', '__future__', 'enum', '_sre', 'sre_constants', 'sre_parse', 'sre_compile', 'copyreg', 're', '_json', 'json.scanner', 'json.decoder', 'json.encoder', 'json', 'errno', 'signal', '_posixsubprocess', 'select', 'collections.abc', 'math', 'selectors', 'subprocess', 'IPython.core', 'IPython.core.getipython', 'IPython.core.release', 'atexit', 'copy', 'fnmatch', 'glob', 'token', 'tokenize', 'linecache', 'traceback', '_string', 'string', 'logging', 'zlib', '_compression', '_bz2', 'bz2', '_lzma', 'lzma', 'pwd', 'grp', 'shutil', '_opcode', 'opcode', 'dis', 'inspect', '_struct', 'struct', 'six', 'traitlets.utils', 'traitlets.utils.getargspec', 'ipython_genutils._version', 'ipython_genutils', 'locale', 'ipython_genutils.encoding', 'platform', 'ipython_genutils.py3compat', 'traitlets.utils.importstring', 'traitlets.utils.sentinel', 'traitlets.utils.bunch', 'traitlets.traitlets', 'traitlets._version', 'traitlets', 'decorator', 'gettext', 'argparse', '_ast', 'ast', '_bisect', 'bisect', '_sha512', '_random', 'random', 'ipython_genutils.path', 'traitlets.config.loader', 'textwrap', 'ipython_genutils.text', 'traitlets.config.configurable', 'ipython_genutils.importstring', 'traitlets.config.application', 'traitlets.config', 'pprint', 'sysconfig', 'urllib', 'urllib.parse', '_sysconfigdata__x86_64-linux-gnu', 'pydoc', 'bdb', 'IPython.utils', 'IPython.utils.ipstruct', 'IPython.utils.coloransi', 'pygments', 'IPython.utils.colorable', 'IPython.utils.PyColorize', 'IPython.utils.encoding', 'IPython.utils.py3compat', 'IPython.core.excolors', 'IPython.testing', 'IPython.testing.skipdoctest', 'cmd', 'codeop', 'code', 'pdb', 'IPython.core.debugger', 'IPython.core.display_trap', 'pexpect.exceptions', 'pexpect.utils', 'pexpect.expect', 'termios', 'tty', 'pty', 'fcntl', 'resource', 'ptyprocess.util', 'ptyprocess.ptyprocess', 'ptyprocess', 'pexpect.spawnbase', 'pexpect.pty_spawn', 'pexpect.run', 'pexpect', 'shlex', 'IPython.utils._process_common', 'IPython.utils._process_posix', 'IPython.utils.process', 'IPython.utils.decorators', 'IPython.utils.path', 'IPython.utils.data', 'IPython.utils.terminal', 'IPython.core.ultratb', 'IPython.utils._sysinfo', 'IPython.utils.sysinfo', 'IPython.core.crashhandler', 'tempfile', 'IPython.utils.importstring', 'IPython.paths', 'IPython.core.profiledir', 'IPython.core.application', 'IPython.terminal', '_hashlib', '_blake2', '_sha3', 'hashlib', 'IPython.core.compilerop', 'IPython.core.error', 'ntpath', 'pathlib', 'IPython.utils.text', 'IPython.core.magic_arguments', 'getopt', 'typing.io', 'typing.re', 'typing', 'binascii', 'mimetypes', 'IPython.core.display', 'IPython.core.page', 'getpass', 'IPython.lib.security', 'IPython.lib', '_datetime', 'datetime', 'IPython.lib.pretty', 'IPython.utils.openpy', 'IPython.utils.dir2', 'IPython.utils.wildcard', 'pygments.lexers._mapping', 'pygments.modeline', 'pygments.plugin', 'pygments.util', 'pygments.lexers', 'pygments.filter', 'pygments.token', 'pygments.filters', 'pygments.regexopt', 'pygments.lexer', 'pygments.unistring', 'pygments.lexers.python', 'pygments.formatters._mapping', 'pygments.formatters', 'pygments.styles', 'pygments.formatter', 'pygments.formatters.html', 'IPython.core.oinspect', 'IPython.core.inputtransformer2', 'IPython.core.magic', '_compat_pickle', '_pickle', 'pickle', 'pickleshare', 'IPython.core.autocall', 'IPython.core.macro', 'IPython.core.splitinput', 'IPython.core.prefilter', 'IPython.core.alias', 'IPython.core.builtin_trap', 'backcall.backcall', 'backcall', 'IPython.core.events', 'IPython.core.displayhook', 'IPython.core.displaypub', 'IPython.core.extensions', 'IPython.utils.sentinel', 'IPython.core.formatters', '_sqlite3', 'sqlite3.dbapi2', 'sqlite3', 'IPython.core.history', 'IPython.core.logger', 'IPython.core.payload', 'IPython.core.usage', 'html.entities', 'html', 'IPython.lib.display', 'IPython.display', 'IPython.utils.capture', 'IPython.utils.io', 'IPython.core.hooks', 'IPython.utils.strdispatch', 'IPython.utils.syspathcontext', 'IPython.utils.tempdir', 'IPython.utils.contexts', 'IPython.core.async_helpers', 'IPython.core.interactiveshell', 'concurrent', 'concurrent.futures._base', 'concurrent.futures', '_socket', 'socket', '_ssl', 'base64', 'ssl', 'asyncio.constants', 'asyncio.format_helpers', 'asyncio.base_futures', 'asyncio.log', 'asyncio.coroutines', '_contextvars', 'contextvars', 'asyncio.exceptions', 'asyncio.base_tasks', '_asyncio', 'asyncio.events', 'asyncio.futures', 'asyncio.protocols', 'asyncio.transports', 'asyncio.sslproto', 'asyncio.locks', 'asyncio.tasks', 'asyncio.staggered', 'asyncio.trsock', 'asyncio.base_events', 'asyncio.runners', 'asyncio.queues', 'asyncio.streams', 'asyncio.subprocess', 'asyncio.base_subprocess', 'asyncio.selector_events', 'asyncio.unix_events', 'asyncio', 'prompt_toolkit.application.current', 'prompt_toolkit.eventloop.utils', 'prompt_toolkit.eventloop.async_generator', 'wcwidth.table_wide', 'wcwidth.table_zero', 'wcwidth.unicode_versions', 'wcwidth.wcwidth', 'wcwidth', 'prompt_toolkit.utils', 'prompt_toolkit.eventloop.inputhook', 'prompt_toolkit.eventloop', 'prompt_toolkit.application.run_in_terminal', 'prompt_toolkit.selection', 'prompt_toolkit.clipboard.base', 'prompt_toolkit.clipboard.in_memory', 'prompt_toolkit.clipboard', 'prompt_toolkit.cache', 'prompt_toolkit.enums', 'prompt_toolkit.filters.base', 'prompt_toolkit.filters.app', 'prompt_toolkit.filters.cli', 'prompt_toolkit.filters.utils', 'prompt_toolkit.filters', 'prompt_toolkit.document', 'prompt_toolkit.auto_suggest', 'prompt_toolkit.data_structures', 'prompt_toolkit.styles.base', 'prompt_toolkit.styles.named_colors', 'prompt_toolkit.styles.style', 'prompt_toolkit.styles.defaults', 'prompt_toolkit.styles.pygments', 'colorsys', 'prompt_toolkit.styles.style_transformation', 'prompt_toolkit.styles', 'prompt_toolkit.output.color_depth', 'prompt_toolkit.output.base', 'prompt_toolkit.patch_stdout', 'prompt_toolkit.output.defaults', 'prompt_toolkit.output', 'array', 'prompt_toolkit.output.vt100', 'prompt_toolkit.mouse_events', 'prompt_toolkit.formatted_text.base', 'prompt_toolkit.formatted_text.ansi', 'xml', 'xml.dom.domreg', 'xml.dom', 'xml.dom.minicompat', 'xml.dom.NodeFilter', 'xml.dom.xmlbuilder', 'xml.dom.minidom', 'prompt_toolkit.formatted_text.html', 'prompt_toolkit.formatted_text.pygments', 'prompt_toolkit.formatted_text.utils', 'prompt_toolkit.formatted_text', 'prompt_toolkit.completion.base', 'prompt_toolkit.completion.filesystem', 'prompt_toolkit.completion.word_completer', 'prompt_toolkit.completion.fuzzy_completer', 'prompt_toolkit.completion.nested', 'prompt_toolkit.completion', 'prompt_toolkit.history', 'prompt_toolkit.keys', 'prompt_toolkit.key_binding.key_bindings', 'prompt_toolkit.key_binding.key_processor', 'prompt_toolkit.key_binding', 'prompt_toolkit.key_binding.vi_state', 'prompt_toolkit.search', 'prompt_toolkit.validation', 'prompt_toolkit.buffer', 'prompt_toolkit.input.base', 'prompt_toolkit.input.defaults', 'prompt_toolkit.input', 'prompt_toolkit.input.typeahead', 'prompt_toolkit.key_binding.bindings', 'prompt_toolkit.key_binding.bindings.scroll', 'prompt_toolkit.key_binding.bindings.page_navigation', 'prompt_toolkit.lexers.base', 'prompt_toolkit.lexers.pygments', 'prompt_toolkit.lexers', 'prompt_toolkit.layout.utils', 'prompt_toolkit.layout.processors', 'prompt_toolkit.layout.controls', 'prompt_toolkit.layout.dimension', 'prompt_toolkit.layout.margins', 'prompt_toolkit.layout.mouse_handlers', 'prompt_toolkit.layout.screen', 'prompt_toolkit.layout.containers', 'prompt_toolkit.layout.layout', 'prompt_toolkit.layout.menus', 'prompt_toolkit.layout', 'prompt_toolkit.key_binding.bindings.completion', 'prompt_toolkit.key_binding.bindings.named_commands', 'prompt_toolkit.key_binding.bindings.basic', 'prompt_toolkit.key_binding.bindings.cpr', 'prompt_toolkit.key_binding.bindings.emacs', 'prompt_toolkit.key_binding.bindings.mouse', 'prompt_toolkit.input.ansi_escape_sequences', 'prompt_toolkit.input.vt100_parser', 'prompt_toolkit.key_binding.digraphs', 'prompt_toolkit.key_binding.bindings.vi', 'prompt_toolkit.key_binding.defaults', 'prompt_toolkit.key_binding.emacs_state', 'prompt_toolkit.layout.dummy', 'prompt_toolkit.renderer', 'prompt_toolkit.application.application', 'prompt_toolkit.application.dummy', 'prompt_toolkit.application', 'prompt_toolkit.key_binding.bindings.focus', 'prompt_toolkit.widgets.toolbars', 'prompt_toolkit.widgets.base', 'prompt_toolkit.widgets.dialogs', 'prompt_toolkit.widgets.menus', 'prompt_toolkit.widgets', 'prompt_toolkit.shortcuts.dialogs', 'prompt_toolkit.shortcuts.progress_bar.formatters', 'prompt_toolkit.shortcuts.progress_bar.base', 'prompt_toolkit.shortcuts.progress_bar', 'prompt_toolkit.key_binding.bindings.auto_suggest', 'prompt_toolkit.key_binding.bindings.open_in_editor', 'prompt_toolkit.shortcuts.prompt', 'prompt_toolkit.shortcuts.utils', 'prompt_toolkit.shortcuts', 'prompt_toolkit', 'pygments.style', 'unicodedata', 'IPython.core.latex_symbols', 'IPython.utils.generics', 'parso._compatibility', 'parso.utils', 'parso.tree', 'parso.python', 'parso.python.token', 'parso.python.tokenize', 'parso.pgen2.grammar_parser', 'parso.pgen2.generator', 'parso.pgen2', 'parso.parser', 'difflib', 'parso.python.prefix', 'parso.python.tree', 'parso.python.parser', 'parso.python.diff', 'gc', 'parso.cache', 'parso.normalizer', 'parso.python.errors', 'parso.python.pep8', 'parso.file_io', 'parso.grammar', 'parso', 'jedi.file_io', '_queue', 'queue', 'jedi._compatibility', 'jedi.parser_utils', 'colorama.ansi', '_ctypes', 'ctypes._endian', 'ctypes', 'colorama.win32', 'colorama.winterm', 'colorama.ansitowin32', 'colorama.initialise', 'colorama', 'jedi.debug', 'jedi.settings', 'jedi.cache', 'jedi.inference.cache', 'jedi.inference.helpers', 'jedi.inference.utils', 'jedi.inference.base_value', 'jedi.common', 'jedi.inference.sys_path', 'jedi.inference.recursion', 'jedi.inference.flow_analysis', 'jedi.inference.lazy_value', 'jedi.inference.docstrings', 'jedi.plugins', 'jedi.inference.names', 'jedi.inference.filters', 'jedi.inference.compiled.getattr_static', 'jedi.inference.compiled.access', 'jedi.inference.signature', 'jedi.inference.context', 'jedi.inference.compiled.value', 'jedi.inference.compiled', 'jedi.inference.analysis', 'jedi.inference.gradual', 'jedi.inference.value.module', 'jedi.inference.value.dynamic_arrays', 'jedi.inference.value.iterable', 'jedi.inference.arguments', 'jedi.inference.parser_cache', 'jedi.inference.gradual.generics', 'jedi.inference.value.function', 'jedi.inference.value.klass', 'jedi.inference.value.instance', 'jedi.inference.value', 'jedi.inference.gradual.base', 'jedi.inference.gradual.type_var', 'jedi.inference.gradual.typing', 'jedi.inference.gradual.stub_value', 'jedi.inference.gradual.typeshed', 'jedi.inference.imports', 'jedi.inference.param', 'jedi.inference.gradual.annotation', 'jedi.inference.value.decorator', 'jedi.inference.syntax_tree', 'jedi.inference', 'jedi.inference.gradual.conversion', 'jedi.inference.compiled.mixed', 'pydoc_data', 'pydoc_data.topics', 'jedi.api.keywords', 'jedi.api.completion_cache', 'jedi.api.helpers', 'jedi.api.classes', 'jedi.api.interpreter', 'jedi.api.strings', 'jedi.api.file_name', 'jedi.api.completion', 'filecmp', 'jedi.inference.compiled.subprocess.functions', 'jedi.api.exceptions', 'jedi.inference.compiled.subprocess', 'jedi.api.environment', 'jedi.inference.references', 'jedi.api.project', 'jedi.api.errors', 'jedi.api.refactoring', 'jedi.api.refactoring.extract', 'jedi.inference.gradual.utils', 'jedi.api', 'jedi.plugins.stdlib', 'jedi.plugins.flask', 'jedi.plugins.pytest', 'jedi.plugins.django', 'jedi.plugins.registry', 'jedi', 'IPython.core.completer', 'IPython.terminal.ptutils', 'IPython.terminal.shortcuts', 'IPython.terminal.debugger', 'IPython.lib.clipboard', 'IPython.terminal.magics', 'IPython.terminal.pt_inputhooks', 'IPython.terminal.prompts', 'IPython.terminal.interactiveshell', 'IPython.core.magics.auto', 'IPython.core.magics.basic', 'email', 'http', 'email.errors', 'email.quoprimime', 'email.base64mime', 'quopri', 'email.encoders', 'email.charset', 'email.header', 'calendar', 'email._parseaddr', 'email.utils', 'email._policybase', 'email.feedparser', 'email.parser', 'uu', 'email._encoded_words', 'email.iterators', 'email.message', 'http.client', 'urllib.response', 'urllib.error', 'urllib.request', 'IPython.core.magics.code', 'IPython.core.magics.config', 'IPython.core.magics.display', 'timeit', '_lsprof', 'profile', 'cProfile', 'pstats', 'IPython.utils.module_paths', 'IPython.utils.timing', 'IPython.core.magics.execution', 'IPython.core.magics.extension', 'IPython.core.magics.history', 'IPython.core.magics.logging', 'IPython.core.magics.namespace', 'IPython.core.magics.osm', 'IPython.core.magics.packaging', 'IPython.core.pylabtools', 'IPython.core.magics.pylab', 'IPython.lib.backgroundjobs', 'IPython.core.magics.script', 'IPython.core.magics', 'IPython.core.shellapp', 'IPython.extensions', 'IPython.extensions.storemagic', 'IPython.terminal.ipapp', 'IPython.terminal.embed', 'IPython.utils.frame', 'IPython', 'jupyter_client._version', 'zmq.backend.select', 'cython_runtime', 'zmq.backend.cython.constants', '_cython_0_29_17', 'zmq.backend.cython.error', 'zmq.error', 'zmq.backend.cython.message', 'zmq.backend.cython.context', 'zmq.backend.cython.socket', 'zmq.backend.cython.utils', 'zmq.backend.cython._poll', 'zmq.backend.cython._version', 'zmq.backend.cython._device', 'zmq.backend.cython._proxy_steerable', 'zmq.backend.cython', 'zmq.backend', 'zmq.utils', 'zmq.utils.constant_names', 'zmq.sugar.constants', 'zmq.sugar.attrsettr', 'zmq.sugar.poll', 'zmq.utils.strtypes', 'numbers', '_decimal', 'decimal', 'simplejson.errors', 'simplejson.raw_json', 'simplejson.compat', 'simplejson._speedups', 'simplejson.scanner', 'simplejson.decoder', 'simplejson.encoder', 'simplejson', 'zmq.utils.jsonapi', 'zmq.sugar.socket', 'zmq.sugar.context', 'zmq.sugar.frame', 'zmq.sugar.tracker', 'zmq.sugar.version', 'zmq.sugar.stopwatch', 'zmq.sugar', 'zmq', 'jupyter_client.localinterfaces', 'jupyter_core.version', 'jupyter_core', 'distutils', 'distutils.errors', 'distutils.dep_util', 'distutils.debug', 'distutils.log', 'distutils.spawn', 'distutils.util', 'jupyter_core.paths', 'jupyter_client.connect', 'traitlets.log', 'jupyter_client.launcher', 'jupyter_client.channelsabc', 'jupyter_client.channels', 'jupyter_client.clientabc', 'jupyter_client.client', 'jupyter_client.kernelspec', 'jupyter_client.managerabc', 'jupyter_client.manager', 'jupyter_client.blocking.channels', 'jupyter_client.blocking.client', 'jupyter_client.blocking', 'zmq._future', 'zmq.asyncio', 'jupyter_client.asynchronous.channels', 'jupyter_client.asynchronous.client', 'jupyter_client.asynchronous', '_uuid', 'uuid', 'jupyter_client.multikernelmanager', 'jupyter_client', 'ipykernel.connect', 'ipykernel', 'tornado', 'logging.handlers', 'tornado.speedups', 'tornado.util', 'tornado.escape', '_curses', 'curses', 'tornado.log', 'tornado.concurrent', 'tornado.ioloop', 'tornado.platform', 'tornado.gen', 'tornado.platform.asyncio', 'zmq.eventloop.ioloop', 'zmq.eventloop', 'zmq.eventloop.zmqstream', 'imp', 'hmac', 'dateutil._version', 'dateutil', 'dateutil._common', 'dateutil.relativedelta', 'six.moves', 'dateutil.tz._common', 'dateutil.tz._factories', 'dateutil.tz.tz', 'dateutil.tz', 'dateutil.parser._parser', 'dateutil.parser.isoparser', 'dateutil.parser', '_strptime', 'jupyter_client.jsonutil', 'jupyter_client.adapter', 'jupyter_client.session', 'ipykernel.iostream', 'ipykernel.heartbeat', 'IPython.utils.tokenutil', 'tornado.locks', 'tornado.queues', 'ipykernel.jsonutil', 'ipykernel.kernelbase', 'ipykernel.comm.comm', 'ipykernel.comm.manager', 'ipykernel.comm', 'IPython.core.payloadpage', 'ipykernel.displayhook', 'ipykernel.zmqshell', 'distutils.version', 'ipykernel.eventloops', 'ipykernel.ipkernel', 'ipykernel.parentpoller', 'ipykernel.kernelapp', 'netifaces', 'faulthandler', 'ipyparallel._version', 'ipyparallel.serialize.codeutil', 'ipyparallel.serialize.canning', 'ipyparallel.serialize.serialize', 'ipyparallel.serialize', 'ipyparallel.client', 'ipyparallel.error', 'zmq.log', 'zmq.log.handlers', 'ipyparallel.util', 'ipyparallel.client.futures', 'ipyparallel.client.asyncresult', 'ipyparallel.controller', 'ipyparallel.controller.dependency', 'ipyparallel.client.map', 'ipyparallel.client.remotefunction', 'ipyparallel.client.view', 'ipyparallel.client.client', 'ipyparallel', 'ipykernel.pickleutil', 'ipykernel.serialize', 'ipykernel.datapub', 'IPython.core.completerlib', 'storemagic', 'numpy._globals', 'numpy.__config__', 'numpy.version', 'numpy._distributor_init', 'numpy.core._multiarray_umath', 'numpy.compat._inspect', 'numpy.compat.py3k', 'numpy.compat', 'numpy.core.overrides', 'numpy.core.multiarray', 'numpy.core.umath', 'numpy.core._string_helpers', 'numpy.core._dtype', 'numpy.core._type_aliases', 'numpy.core.numerictypes', 'numpy.core._asarray', 'numpy.core._exceptions', 'numpy.core._methods', 'numpy.core.fromnumeric', 'numpy.core.shape_base', 'numpy.core._ufunc_config', 'numpy.core.arrayprint', 'numpy.core.numeric', 'numpy.core.defchararray', 'numpy.core.records', 'numpy.core.memmap', 'numpy.core.function_base', 'numpy.core.machar', 'numpy.core.getlimits', 'numpy.core.einsumfunc', 'numpy.core._multiarray_tests', 'numpy.core._add_newdocs', 'numpy.core._dtype_ctypes', 'numpy.core._internal', 'numpy._pytesttester', 'numpy.core', 'numpy.lib.mixins', 'numpy.lib.ufunclike', 'numpy.lib.type_check', 'numpy.lib.scimath', 'numpy.lib.twodim_base', 'numpy.linalg.lapack_lite', 'numpy.linalg._umath_linalg', 'numpy.linalg.linalg', 'numpy.linalg', 'numpy.matrixlib.defmatrix', 'numpy.matrixlib', 'numpy.lib.histograms', 'numpy.lib.function_base', 'numpy.lib.stride_tricks', 'numpy.lib.index_tricks', 'numpy.lib.nanfunctions', 'numpy.lib.shape_base', 'numpy.lib.polynomial', 'numpy.lib.utils', 'numpy.lib.arraysetops', 'numpy.lib.format', 'numpy.lib._datasource', 'numpy.lib._iotools', 'numpy.lib.npyio', 'numpy.lib.financial', 'numpy.lib.arrayterator', 'numpy.lib.arraypad', 'numpy.lib._version', 'numpy.lib', 'numpy.fft._pocketfft_internal', 'numpy.fft._pocketfft', 'numpy.fft.helper', 'numpy.fft', 'numpy.polynomial.polyutils', 'numpy.polynomial._polybase', 'numpy.polynomial.polynomial', 'numpy.polynomial.chebyshev', 'numpy.polynomial.legendre', 'numpy.polynomial.hermite', 'numpy.polynomial.hermite_e', 'numpy.polynomial.laguerre', 'numpy.polynomial', '_cython_0_29_16', 'numpy.random._common', 'secrets', 'numpy.random.bit_generator', 'numpy.random._bounded_integers', 'numpy.random._mt19937', 'numpy.random.mtrand', 'numpy.random._philox', 'numpy.random._pcg64', 'numpy.random._sfc64', 'numpy.random._generator', 'numpy.random._pickle', 'numpy.random', 'numpy.ctypeslib', 'numpy.ma.core', 'numpy.ma.extras', 'numpy.ma', 'numpy', 'pyngcore', 'netgen.libngpy._meshing', 'mpi4py.rc', 'mpi4py', '_cython_0_29_14', 'mpi4py.MPI', 'netgen.libngpy._csg', 'netgen.libngpy._geom2d', 'netgen.libngpy._stl', 'netgen.libngpy.meshvis', 'netgen.libngpy.csgvis', 'netgen.libngpy.stlvis', 'netgen.libngpy', 'netgen', 'netgen.meshing', 'netgen.csg', 'ngsolve.ngstd', 'ngsolve.bla', 'ngsolve.la', 'ngsolve.fem', 'ngsolve.comp', 'ngsolve.comp.pml', 'ngsolve.solve', 'ngsolve.ngslib', 'ngsolve.utils', 'scipy._lib._testutils', 'scipy._lib', 'scipy._lib.deprecation', 'scipy.__config__', 'scipy.version', 'scipy._distributor_init', 'scipy._lib._pep440', 'scipy._lib._ccallback_c', 'scipy._lib._ccallback', 'scipy._lib._uarray._uarray', 'scipy._lib._uarray._backend', 'scipy._lib._uarray', 'scipy._lib.uarray', 'scipy.fft._basic', 'scipy.fft._realtransforms', 'scipy.fft._pocketfft.pypocketfft', 'scipy.fft._pocketfft.helper', 'scipy.fft._pocketfft.basic', 'scipy.fft._pocketfft.realtransforms', 'scipy.fft._pocketfft', 'scipy.fft._helper', 'scipy.fft._backend', 'scipy.fft', 'scipy', 'scipy.linalg._fblas', 'scipy.linalg.blas', 'scipy.linalg._flapack', 'multiprocessing.process', 'multiprocessing.reduction', 'multiprocessing.context', '__mp_main__', 'multiprocessing', 'scipy._lib._util', 'scipy.linalg.lapack', 'scipy.linalg.misc', 'scipy.linalg._flinalg', 'scipy.linalg.flinalg', 'scipy.linalg.decomp', 'scipy.linalg.decomp_svd', '_cython_0_29_20', 'scipy.linalg._solve_toeplitz', 'scipy.linalg.basic', 'scipy.linalg.decomp_lu', 'scipy.linalg._decomp_ldl', 'scipy.linalg.decomp_cholesky', 'scipy.linalg.decomp_qr', 'scipy.linalg._decomp_qz', 'scipy.linalg.decomp_schur', 'scipy.linalg._decomp_polar', 'scipy.linalg.special_matrices', 'scipy.linalg._expm_frechet', 'scipy.linalg._matfuncs_sqrtm', 'scipy.linalg.matfuncs', 'scipy.linalg._solvers', 'scipy.linalg._procrustes', 'scipy.linalg.cython_blas', 'scipy.linalg.cython_lapack', 'scipy.linalg._decomp_update', 'scipy.sparse.sputils', 'scipy.sparse.base', 'scipy.sparse._sparsetools', 'scipy.sparse.data', 'scipy.sparse.dia', 'scipy.sparse._index', 'scipy.sparse.compressed', 'scipy.sparse.csr', 'scipy.sparse.csc', 'scipy.sparse._csparsetools', 'scipy.sparse.lil', 'scipy.sparse.dok', 'scipy.sparse.coo', 'scipy.sparse.bsr', 'scipy.sparse.construct', 'scipy.sparse.extract', 'scipy.sparse._matrix_io', 'scipy.sparse.csgraph._laplacian', 'scipy.sparse.csgraph._tools', 'scipy.sparse.csgraph._validation', 'scipy.sparse.csgraph._shortest_path', 'scipy.sparse.csgraph._traversal', 'scipy.sparse.csgraph._min_spanning_tree', 'scipy.sparse.csgraph._flow', 'scipy.sparse.csgraph._matching', 'scipy.sparse.csgraph._reordering', 'scipy.sparse.csgraph', 'scipy.sparse', 'scipy.linalg._sketches', 'scipy.linalg._decomp_cossin', 'scipy.linalg', 'ngsolve.eigenvalues', 'ngsolve.krylovspace', 'ngsolve.nonlinearsolvers', 'ngsolve.bvp', 'ngsolve.solvers', 'ngsolve.timing', 'ngsolve', 'google', 'ipywidgets._version', 'ipywidgets.widgets.widget', 'ipywidgets.widgets.util', 'ipywidgets.widgets.trait_types', 'ipywidgets.widgets.widget_layout', 'ipywidgets.widgets.widget_style', 'ipywidgets.widgets.domwidget', 'ipywidgets.widgets.valuewidget', 'ipywidgets.widgets.widget_core', 'ipywidgets.widgets.widget_description', 'ipywidgets.widgets.widget_bool', 'ipywidgets.widgets.widget_button', 'ipywidgets.widgets.docutils', 'ipywidgets.widgets.widget_box', 'ipywidgets.widgets.widget_int', 'ipywidgets.widgets.widget_float', 'ipywidgets.widgets.widget_color', 'ipywidgets.widgets.widget_date', 'ipywidgets.widgets.widget_output', 'ipywidgets.widgets.widget_selection', 'ipywidgets.widgets.widget_selectioncontainer', 'ipywidgets.widgets.widget_string', 'ipywidgets.widgets.widget_controller', 'ipywidgets.widgets.interaction', 'ipywidgets.widgets.widget_link', 'ipywidgets.widgets.widget_media', 'ipywidgets.widgets.widget_templates', 'ipywidgets.widgets.widget_upload', 'ipywidgets.widgets', 'ipywidgets', 'ngsolve.webgui', 'matplotlib', 'gzip', 'matplotlib.cbook.deprecation', 'matplotlib.cbook', 'pyparsing', 'matplotlib.fontconfig_pattern', 'matplotlib.docstring', 'matplotlib._color_data', 'matplotlib.colors', 'cycler', 'matplotlib.rcsetup', 'matplotlib._version', 'matplotlib.ft2font', 'kiwisolver']
DEBUG:matplotlib:CACHEDIR=/home/ams/.cache/matplotlib
DEBUG:matplotlib.font_manager:Using fontManager instance from /home/ams/.cache/matplotlib/fontlist-v310.json
DEBUG:matplotlib.pyplot:Loaded backend module://ipykernel.pylab.backend_inline version unknown.
DEBUG:matplotlib.pyplot:Loaded backend module://ipykernel.pylab.backend_inline version unknown.
INFO:root:
TOL = 1e-08
MAX_IT = 30
time values = [0.   0.05 0.1  0.15 0.2  0.25 0.3  0.35 0.4  0.45 0.5 ]
eval point = (0.35000000000000003, 0, 0)
angluar frequency = 188.49555921538757

INFO:root:
Implicit Euler Iteration: 0

INFO:root:
TOL = 1e-08
MAX_IT = 30
time values = [0.   0.05 0.1  0.15 0.2  0.25 0.3  0.35 0.4  0.45 0.5 ]
eval point = (0.35000000000000003, 0, 0)
angluar frequency = 188.49555921538757

INFO:root:
Implicit Euler Iteration: 0

INFO:root:
TOL = 1e-08
MAX_IT = 30
time values = [0.   0.05 0.1  0.15 0.2  0.25 0.3  0.35 0.4  0.45 0.5 ]
eval point = (0.35000000000000003, 0, 0)
angluar frequency = 188.49555921538757

INFO:root:
Implicit Euler Iteration: 0

INFO:root:
TOL = 1e-08
MAX_IT = 30
time values = [0.   0.05 0.1  0.15 0.2  0.25 0.3  0.35 0.4  0.45 0.5 ]
eval point = (0.35000000000000003, 0, 0)
angluar frequency = 188.49555921538757

INFO:root:
Implicit Euler Iteration: 0

INFO:root:
TOL = 1e-08
MAX_IT = 30
time values = [0.   0.05 0.1  0.15 0.2  0.25 0.3  0.35 0.4  0.45 0.5 ]
eval point = (0.35000000000000003, 0, 0)
angluar frequency = 188.49555921538757

INFO:root:
Implicit Euler Iteration: 0

INFO:root:
TOL = 1e-08
MAX_IT = 30
time values = [0.   0.05 0.1  0.15 0.2  0.25 0.3  0.35 0.4  0.45 0.5 ]
eval point = (0.35000000000000003, 0, 0)
angluar frequency = 188.49555921538757

INFO:root:
Implicit Euler Iteration: 0

INFO:root:
TOL = 1e-08
MAX_IT = 30
time values = [0.   0.05 0.1  0.15 0.2  0.25 0.3  0.35 0.4  0.45 0.5 ]
eval point = (0.35000000000000003, 0, 0)
angluar frequency = 188.49555921538757

INFO:root:
Implicit Euler Iteration: 0

INFO:root:
TOL = 1e-08
MAX_IT = 30
time values = [0.   0.05 0.1  0.15 0.2  0.25 0.3  0.35 0.4  0.45 0.5 ]
eval point = (0.35000000000000003, 0, 0)
angluar frequency = 188.49555921538757

INFO:root:
Implicit Euler Iteration: 0

DEBUG:parso.python.diff:diff parser start
DEBUG:parso.python.diff:line_lengths old: 85; new: 1
DEBUG:parso.python.diff:-> code[replace] old[1:85] new[1:1]
DEBUG:parso.python.diff:parse_part from 1 to 1 (to 0 in part parser)
DEBUG:parso.python.diff:diff parser end
DEBUG:parso.cache:pickle loaded: /home/ams/ngsolve/virtngs/lib/python3.8/site-packages/jedi/third_party/typeshed/stdlib/2and3/builtins.pyi
DEBUG:parso.cache:pickle loaded: /home/ams/ngsolve/virtngs/lib/python3.8/site-packages/jedi/third_party/typeshed/stdlib/3/sys.pyi
DEBUG:parso.python.diff:diff parser start
DEBUG:parso.python.diff:line_lengths old: 1; new: 1
DEBUG:parso.python.diff:-> code[replace] old[1:1] new[1:1]
DEBUG:parso.python.diff:parse_part from 1 to 1 (to 0 in part parser)
DEBUG:parso.python.diff:diff parser end
INFO:root:
TOL = 1e-08
MAX_IT = 30
time values = [0.   0.05 0.1  0.15 0.2  0.25 0.3  0.35 0.4  0.45 0.5 ]
eval point = (0.35000000000000003, 0, 0)
angluar frequency = 188.49555921538757

INFO:root:
Implicit Euler Iteration: 0

INFO:root:
TOL = 1e-08
MAX_IT = 30
time values = [0.   0.05 0.1  0.15 0.2  0.25 0.3  0.35 0.4  0.45 0.5 ]
eval point = (0.35000000000000003, 0, 0)
angluar frequency = 188.49555921538757

INFO:root:
Implicit Euler Iteration: 0

INFO:root:
TOL = 1e-08
MAX_IT = 30
time values = [0.   0.05 0.1  0.15 0.2  0.25 0.3  0.35 0.4  0.45 0.5 ]
eval point = (0.35000000000000003, 0, 0)
angluar frequency = 188.49555921538757

INFO:root:
Implicit Euler Iteration: 0

INFO:root:
TOL = 1e-08
MAX_IT = 30
time values = [0.   0.05 0.1  0.15 0.2  0.25 0.3  0.35 0.4  0.45 0.5 ]
eval point = (0.35000000000000003, 0, 0)
angluar frequency = 188.49555921538757

INFO:root:
Implicit Euler Iteration: 0

