INFO:root:
TOL = 1e-08
MAX_IT = 30
time values = [0.   0.05 0.1  0.15 0.2  0.25 0.3  0.35 0.4  0.45 0.5 ]
eval point = (0.35000000000000003, 0, 0)
angluar frequency = 188.49555921538757

INFO:root:
Implicit Euler Iteration: 0

INFO:root:
TOL = 1e-08
MAX_IT = 30
time values = [0.   0.05 0.1  0.15 0.2  0.25 0.3  0.35 0.4  0.45 0.5 ]
eval point = (0.35000000000000003, 0, 0)
angluar frequency = 188.49555921538757

INFO:root:
Implicit Euler Iteration: 0

INFO:root:
TOL = 1e-08
MAX_IT = 30
time values = [0.   0.05 0.1  0.15 0.2  0.25 0.3  0.35 0.4  0.45 0.5 ]
eval point = (0.35000000000000003, 0, 0)
angluar frequency = 188.49555921538757

INFO:root:
Implicit Euler Iteration: 0

INFO:root:
TOL = 1e-08
MAX_IT = 30
time values = [0.   0.05 0.1  0.15 0.2  0.25 0.3  0.35 0.4  0.45 0.5 ]
eval point = (0.35000000000000003, 0, 0)
angluar frequency = 188.49555921538757

INFO:root:
Implicit Euler Iteration: 0

INFO:root: error nan in newton iteration 1
INFO:root:
TOL = 1e-08
MAX_IT = 30
time values = [0.   0.05 0.1  0.15 0.2  0.25 0.3  0.35 0.4  0.45 0.5 ]
eval point = (0.35000000000000003, 0, 0)
angluar frequency = 188.49555921538757

INFO:root:
Implicit Euler Iteration: 0

INFO:root: error nan in newton iteration 1
INFO:root:
TOL = 1e-08
MAX_IT = 30
time values = [0.   0.05 0.1  0.15 0.2  0.25 0.3  0.35 0.4  0.45 0.5 ]
eval point = (0.35000000000000003, 0, 0)
angluar frequency = 188.49555921538757

INFO:root:
Implicit Euler Iteration: 0

INFO:root:
TOL = 1e-08
MAX_IT = 30
time values = [0.   0.05 0.1  0.15 0.2  0.25 0.3  0.35 0.4  0.45 0.5 ]
eval point = (0.35000000000000003, 0, 0)
angluar frequency = 188.49555921538757

INFO:root:
Implicit Euler Iteration: 0

INFO:root:
TOL = 1e-08
MAX_IT = 30
time values = [0.   0.05 0.1  0.15 0.2  0.25 0.3  0.35 0.4  0.45 0.5 ]
eval point = (0.35000000000000003, 0, 0)
angluar frequency = 188.49555921538757

INFO:root:
Implicit Euler Iteration: 0

INFO:root:
TOL = 1e-08
MAX_IT = 30
time values = [0.   0.05 0.1  0.15 0.2  0.25 0.3  0.35 0.4  0.45 0.5 ]
eval point = (0.35000000000000003, 0, 0)
angluar frequency = 188.49555921538757

INFO:root:
Implicit Euler Iteration: 0

INFO:root:
TOL = 1e-08
MAX_IT = 30
time values = [0.   0.05 0.1  0.15 0.2  0.25 0.3  0.35 0.4  0.45 0.5 ]
eval point = (0.35000000000000003, 0, 0)
angluar frequency = 188.49555921538757

INFO:root:
Implicit Euler Iteration: 0

INFO:root:
TOL = 1e-08
MAX_IT = 30
time values = [0.   0.05 0.1  0.15 0.2  0.25 0.3  0.35 0.4  0.45 0.5 ]
eval point = (0.35000000000000003, 0, 0)
angluar frequency = 188.49555921538757

INFO:root:
Implicit Euler Iteration: 0

INFO:root:
TOL = 1e-08
MAX_IT = 30
time values = [0.   0.05 0.1  0.15 0.2  0.25 0.3  0.35 0.4  0.45 0.5 ]
eval point = (0.35000000000000003, 0, 0)
angluar frequency = 188.49555921538757

INFO:root:
Implicit Euler Iteration: 0

DEBUG:parso.cache:pickle loaded: /home/ams/ngsolve/virtngs/lib/python3.8/site-packages/jedi/third_party/typeshed/stdlib/2and3/builtins.pyi
DEBUG:parso.cache:pickle loaded: /home/ams/ngsolve/virtngs/lib/python3.8/site-packages/jedi/third_party/typeshed/stdlib/3/sys.pyi
DEBUG:parso.python.diff:diff parser start
DEBUG:parso.python.diff:line_lengths old: 1; new: 1
DEBUG:parso.python.diff:-> code[replace] old[1:1] new[1:1]
DEBUG:parso.python.diff:parse_part from 1 to 1 (to 0 in part parser)
DEBUG:parso.python.diff:diff parser end
DEBUG:parso.python.diff:diff parser start
DEBUG:parso.python.diff:line_lengths old: 1; new: 1
DEBUG:parso.python.diff:-> code[replace] old[1:1] new[1:1]
DEBUG:parso.python.diff:parse_part from 1 to 1 (to 0 in part parser)
DEBUG:parso.python.diff:diff parser end
INFO:root:
TOL = 1e-08
MAX_IT = 30
time values = [0.   0.05 0.1  0.15 0.2  0.25 0.3  0.35 0.4  0.45 0.5 ]
eval point = (0.35000000000000003, 0, 0)
angluar frequency = 188.49555921538757

INFO:root:
Implicit Euler Iteration: 0

INFO:root:
TOL = 1e-08
MAX_IT = 30
time values = [0.   0.05 0.1  0.15 0.2  0.25 0.3  0.35 0.4  0.45 0.5 ]
eval point = (0.35000000000000003, 0, 0)
angluar frequency = 188.49555921538757

INFO:root:
Implicit Euler Iteration: 0

INFO:root:
TOL = 1e-08
MAX_IT = 30
time values = [0.   0.05 0.1  0.15 0.2  0.25 0.3  0.35 0.4  0.45 0.5 ]
eval point = (0.35000000000000003, 0, 0)
angluar frequency = 188.49555921538757

INFO:root:
Implicit Euler Iteration: 0

INFO:root:
TOL = 1e-08
MAX_IT = 30
time values = [0.   0.05 0.1  0.15 0.2  0.25 0.3  0.35 0.4  0.45 0.5 ]
eval point = (0.35000000000000003, 0, 0)
angluar frequency = 188.49555921538757

INFO:root:
Implicit Euler Iteration: 0

INFO:root:
TOL = 1e-08
MAX_IT = 30
time values = [0.   0.05 0.1  0.15 0.2  0.25 0.3  0.35 0.4  0.45 0.5 ]
eval point = (0.35000000000000003, 0, 0)
angluar frequency = 188.49555921538757

INFO:root:
Implicit Euler Iteration: 0

INFO:root:
TOL = 1e-08
MAX_IT = 30
time values = [0.   0.05 0.1  0.15 0.2  0.25 0.3  0.35 0.4  0.45 0.5 ]
eval point = (0.35000000000000003, 0, 0)
angluar frequency = 188.49555921538757

INFO:root:
Implicit Euler Iteration: 0

