INFO:root:
TOL = 1e-08
MAX_IT = 30
MAX_STEPS = 100
dt = 0.005
eval point = (0.35000000000000003, 0, 0)
angluar frequency = 188.49555921538757

INFO:root:
Implicit Euler Iteration: 0

INFO:root: error 313.2464634646342 in newton iteration 1
INFO:root: error 0.4923604402951776 in newton iteration 2
INFO:root: error 4.912352369682967e-05 in newton iteration 3
INFO:root: error 9.160447674446766e-08 in newton iteration 4
INFO:root: error 5.79403566241835e-17 in newton iteration 5
INFO:root:B(0.0): (0.0009618036662011978, -0.022035551254764134, -0.013623040756490906)
INFO:root:
TOL = 1e-08
MAX_IT = 30
MAX_STEPS = 100
dt = 0.005
eval point = (0.35000000000000003, 0, 0)
angluar frequency = 188.49555921538757

INFO:root:
Implicit Euler Iteration: 0

INFO:root: error 313.24646346476624 in newton iteration 1
INFO:root: error 0.49236044029516035 in newton iteration 2
INFO:root: error 4.9123523696822314e-05 in newton iteration 3
INFO:root: error 9.160447674459254e-08 in newton iteration 4
INFO:root: error 5.794035653711078e-17 in newton iteration 5
INFO:root:B(0.0): (0.0009618036662011978, -0.02203555125476412, -0.013623040756490915)
INFO:root:
TOL = 1e-08
MAX_IT = 30
MAX_STEPS = 100
dt = 0.005
eval point = (0.35000000000000003, 0, 0)
angluar frequency = 188.49555921538757

INFO:root:
Implicit Euler Iteration: 0

INFO:root: error 313.2464634646861 in newton iteration 1
INFO:root: error 0.4923604402952414 in newton iteration 2
INFO:root: error 4.912352369681976e-05 in newton iteration 3
INFO:root: error 9.160447674446827e-08 in newton iteration 4
INFO:root: error 5.794032697276348e-17 in newton iteration 5
INFO:root:B(0.0): (0.0009618036662011986, -0.022035551254764106, -0.0136230407564909)
INFO:root:
Implicit Euler Iteration: 1

INFO:root: error 50.154172942449364 in newton iteration 1
INFO:root: error 4.48263960251911e-06 in newton iteration 2
INFO:root: error 9.173809203592954e-13 in newton iteration 3
INFO:root:B(0.005): (0.001239877538435239, -0.027897797524452945, -0.016960543636574343)
INFO:root:
Implicit Euler Iteration: 2

INFO:root: error 246.25997331260868 in newton iteration 1
INFO:root: error 0.00704584995254815 in newton iteration 2
INFO:root: error 4.995889366371891e-06 in newton iteration 3
INFO:root: error 3.2414254994926453e-10 in newton iteration 4
INFO:root:B(0.01): (0.00044942135222326003, -0.009676430814057033, -0.005460725649451977)
INFO:root:
Implicit Euler Iteration: 3

INFO:root: error 158.383731412958 in newton iteration 1
INFO:root: error 0.023263615565090365 in newton iteration 2
INFO:root: error 2.2443986276553307e-07 in newton iteration 3
INFO:root: error 3.806679811060389e-14 in newton iteration 4
INFO:root:B(0.015): (-0.0007654204605556667, 0.016868056402135942, 0.010871261536779035)
INFO:root:
Implicit Euler Iteration: 4

INFO:root: error 17.138546489436635 in newton iteration 1
INFO:root: error 0.0015750863183254075 in newton iteration 2
INFO:root: error 4.243035875832772e-06 in newton iteration 3
INFO:root: error 2.700527824058834e-10 in newton iteration 4
INFO:root:B(0.02): (-0.0014351676955837655, 0.03165402309099688, 0.01968976965271288)
INFO:root:
Implicit Euler Iteration: 5

INFO:root: error 191.8244116345629 in newton iteration 1
INFO:root: error 0.007584795346560102 in newton iteration 2
INFO:root: error 1.2072426134793223e-06 in newton iteration 3
INFO:root: error 1.423293777951735e-13 in newton iteration 4
INFO:root:B(0.025): (-0.0009938599248386398, 0.021337390309789327, 0.012860040372735963)
INFO:root:
Implicit Euler Iteration: 6

INFO:root: error 224.2267645408278 in newton iteration 1
INFO:root: error 0.03857476059730204 in newton iteration 2
INFO:root: error 5.385531689997938e-06 in newton iteration 3
INFO:root: error 3.3146073350501687e-12 in newton iteration 4
INFO:root:B(0.03): (0.00020820336904503052, -0.004359145209464192, -0.003180543726537193)
INFO:root:
Implicit Euler Iteration: 7

INFO:root: error 28.554665654849362 in newton iteration 1
INFO:root: error 0.011227521152496357 in newton iteration 2
INFO:root: error 6.181276839412252e-06 in newton iteration 3
INFO:root: error 5.059719411468249e-12 in newton iteration 4
INFO:root:B(0.035): (0.0011765146808238645, -0.025324173671678343, -0.01602400912424172)
INFO:root:
Implicit Euler Iteration: 8

INFO:root: error 117.54865802378572 in newton iteration 1
INFO:root: error 0.001417875746065516 in newton iteration 2
INFO:root: error 1.7810498040365522e-06 in newton iteration 3
INFO:root: error 1.6848713002111648e-14 in newton iteration 4
INFO:root:B(0.04): (0.0011343097196541653, -0.02372036620281616, -0.01471627764084836)
INFO:root:
Implicit Euler Iteration: 9

INFO:root: error 258.0453082291217 in newton iteration 1
INFO:root: error 0.011079925660362066 in newton iteration 2
INFO:root: error 3.3842108622861217e-06 in newton iteration 3
INFO:root: error 8.393536351644045e-11 in newton iteration 4
INFO:root:B(0.045): (8.306901710517839e-05, -0.0008338486769097055, -0.0004560439683490578)
INFO:root:
Implicit Euler Iteration: 10

INFO:root: error 81.6874489706572 in newton iteration 1
INFO:root: error 0.05830777785027687 in newton iteration 2
INFO:root: error 1.404644743241789e-06 in newton iteration 3
INFO:root: error 1.6622281384577746e-14 in newton iteration 4
INFO:root:B(0.05): (-0.001037165668649363, 0.02385620308691541, 0.014678143659983366)
INFO:root:
Implicit Euler Iteration: 11

INFO:root: error 50.68995125316297 in newton iteration 1
INFO:root: error 4.501886075281912e-06 in newton iteration 2
INFO:root: error 8.821874815628163e-14 in newton iteration 3
INFO:root:B(0.055): (-0.0013448366479907102, 0.03063900854123035, 0.018500597476917624)
INFO:root:
Implicit Euler Iteration: 12

INFO:root: error 245.59676077810403 in newton iteration 1
INFO:root: error 0.006659002999292242 in newton iteration 2
INFO:root: error 3.512681918944215e-06 in newton iteration 3
INFO:root: error 7.355392697217196e-11 in newton iteration 4
INFO:root:B(0.06): (-0.0005585742148614798, 0.012689338550346528, 0.007046169058334385)
INFO:root:
Implicit Euler Iteration: 13

INFO:root: error 157.61937571309124 in newton iteration 1
INFO:root: error 0.026628058179229724 in newton iteration 2
INFO:root: error 3.7297104344506315e-07 in newton iteration 3
INFO:root: error 1.4322134298626288e-13 in newton iteration 4
INFO:root:B(0.065): (0.000667082913366183, -0.01379454422044328, -0.009361595353088122)
INFO:root:
Implicit Euler Iteration: 14

INFO:root: error 16.83472230025853 in newton iteration 1
INFO:root: error 0.0012020655024207881 in newton iteration 2
INFO:root: error 6.0853837579815e-06 in newton iteration 3
INFO:root: error 1.4847861051892247e-13 in newton iteration 4
INFO:root:B(0.07): (0.0013493056962870405, -0.028551678171998704, -0.018238021119607317)
INFO:root:
Implicit Euler Iteration: 15

INFO:root: error 191.95781110156196 in newton iteration 1
INFO:root: error 0.007967418635841753 in newton iteration 2
INFO:root: error 1.4440320007495857e-06 in newton iteration 3
INFO:root: error 8.395518163762998e-13 in newton iteration 4
INFO:root:B(0.075): (0.0009248204156915915, -0.018356320668284895, -0.011577566761653165)
INFO:root:
Implicit Euler Iteration: 16

INFO:root: error 224.46006755324717 in newton iteration 1
INFO:root: error 0.037437423499704615 in newton iteration 2
INFO:root: error 3.3004248431178246e-06 in newton iteration 3
INFO:root: error 2.226019277986932e-12 in newton iteration 4
INFO:root:B(0.08): (-0.00024473137354755366, 0.007052869819896029, 0.004189230677111636)
INFO:root:
Implicit Euler Iteration: 17

INFO:root: error 28.72284231848742 in newton iteration 1
INFO:root: error 0.00898323160763274 in newton iteration 2
INFO:root: error 4.842807741482027e-06 in newton iteration 3
INFO:root: error 6.613261973644882e-12 in newton iteration 4
INFO:root:B(0.085): (-0.001196870446914516, 0.027907805190646073, 0.01690059743347213)
INFO:root:
Implicit Euler Iteration: 18

INFO:root: error 117.54264770363653 in newton iteration 1
INFO:root: error 0.001327402091143458 in newton iteration 2
INFO:root: error 1.4024429322902725e-06 in newton iteration 3
INFO:root: error 8.981608622116562e-15 in newton iteration 4
INFO:root:B(0.09): (-0.0011379333121513267, 0.026172499904108082, 0.01545054438439687)
INFO:root:
Implicit Euler Iteration: 19

INFO:root: error 257.97817182283325 in newton iteration 1
INFO:root: error 0.008988428115224312 in newton iteration 2
INFO:root: error 3.583974156617335e-06 in newton iteration 3
INFO:root: error 3.214859020447009e-10 in newton iteration 4
INFO:root:B(0.095): (-9.09948850493755e-05, 0.0028996903974341645, 0.000841996446915688)
INFO:root:
Implicit Euler Iteration: 20

INFO:root: error 81.78920670431967 in newton iteration 1
INFO:root: error 0.04601168557046466 in newton iteration 2
INFO:root: error 1.926205716336556e-06 in newton iteration 3
INFO:root: error 7.706787263433112e-14 in newton iteration 4
INFO:root:B(0.1): (0.001048058140663577, -0.021902692806963588, -0.014395077244047764)
INFO:root:
Implicit Euler Iteration: 21

INFO:root: error 50.674003780749935 in newton iteration 1
INFO:root: error 4.550345819643797e-06 in newton iteration 2
INFO:root: error 2.614397295337712e-13 in newton iteration 3
INFO:root:B(0.105): (0.0013645289958053473, -0.028783874664464963, -0.018303738494164005)
INFO:root:
Implicit Euler Iteration: 22

INFO:root: error 245.62197151603655 in newton iteration 1
INFO:root: error 0.006822701214348398 in newton iteration 2
INFO:root: error 4.230203532303255e-06 in newton iteration 3
INFO:root: error 9.055864468926849e-10 in newton iteration 4
INFO:root:B(0.11): (0.0005818289672223688, -0.010995732537964778, -0.006980449100883314)
INFO:root:
Implicit Euler Iteration: 23

INFO:root: error 157.59653946949612 in newton iteration 1
INFO:root: error 0.022851390816761488 in newton iteration 2
INFO:root: error 2.2246263221584434e-07 in newton iteration 3
INFO:root: error 1.8222132381584996e-14 in newton iteration 4
INFO:root:B(0.115): (-0.0006377792055473376, 0.015351983156574087, 0.009325586064959528)
INFO:root:
Implicit Euler Iteration: 24

INFO:root: error 16.849412173602065 in newton iteration 1
INFO:root: error 0.0012622875695518733 in newton iteration 2
INFO:root: error 5.707695186737722e-06 in newton iteration 3
INFO:root: error 1.0217285214363813e-11 in newton iteration 4
INFO:root:B(0.12): (-0.0013142427980454216, 0.03002500090576867, 0.01813690060499933)
INFO:root:
Implicit Euler Iteration: 25

INFO:root: error 191.9523817783541 in newton iteration 1
INFO:root: error 0.007870933335128687 in newton iteration 2
INFO:root: error 1.405401264321773e-06 in newton iteration 3
INFO:root: error 9.757524538894702e-13 in newton iteration 4
INFO:root:B(0.125): (-0.0008857214682617624, 0.019718218715943286, 0.011395019795248646)
INFO:root:
Implicit Euler Iteration: 26

INFO:root: error 224.46112285423817 in newton iteration 1
INFO:root: error 0.03794400511942156 in newton iteration 2
INFO:root: error 4.492088473370315e-06 in newton iteration 3
INFO:root: error 7.004464511095994e-12 in newton iteration 4
INFO:root:B(0.13): (0.00029095194835790974, -0.005852602752122557, -0.0044713558904315226)
INFO:root:
Implicit Euler Iteration: 27

INFO:root: error 28.683017314816563 in newton iteration 1
INFO:root: error 0.011149070538984118 in newton iteration 2
INFO:root: error 5.090056525102155e-06 in newton iteration 3
INFO:root: error 2.053898990050043e-13 in newton iteration 4
INFO:root:B(0.135): (0.0012450523909567144, -0.02676847828786697, -0.017223376626503348)
INFO:root:
Implicit Euler Iteration: 28

INFO:root: error 117.54278517803571 in newton iteration 1
INFO:root: error 0.0013432673476924768 in newton iteration 2
INFO:root: error 1.48484782194055e-06 in newton iteration 3
INFO:root: error 1.2805956002498676e-14 in newton iteration 4
INFO:root:B(0.14): (0.00118752455134957, -0.025094990523438006, -0.015814093483467098)
INFO:root:
Implicit Euler Iteration: 29

INFO:root: error 257.98170793569597 in newton iteration 1
INFO:root: error 0.010566141323403704 in newton iteration 2
INFO:root: error 4.072562000799801e-06 in newton iteration 3
INFO:root: error 5.456846340101624e-11 in newton iteration 4
INFO:root:B(0.145): (0.00012877513295153934, -0.0019988485575978716, -0.0013331624076131719)
INFO:root:
Implicit Euler Iteration: 30

INFO:root: error 81.66787618739336 in newton iteration 1
INFO:root: error 0.055230535203537906 in newton iteration 2
INFO:root: error 1.969104510996243e-06 in newton iteration 3
INFO:root: error 4.204673330897742e-14 in newton iteration 4
INFO:root:B(0.15): (-0.0010062598807430967, 0.02275796082405459, 0.01388263657782226)
INFO:root:
Implicit Euler Iteration: 31

INFO:root: error 50.679137553421604 in newton iteration 1
INFO:root: error 4.193184071098743e-06 in newton iteration 2
INFO:root: error 7.121727496143564e-13 in newton iteration 3
INFO:root:B(0.155): (-0.0013244310204441321, 0.029599302653804265, 0.017771941529637732)
INFO:root:
Implicit Euler Iteration: 32

INFO:root: error 245.6138510233574 in newton iteration 1
INFO:root: error 0.006745860816925044 in newton iteration 2
INFO:root: error 3.90091116135089e-06 in newton iteration 3
INFO:root: error 2.235363237917202e-10 in newton iteration 4
INFO:root:B(0.16): (-0.0005492552204734944, 0.011742880899543258, 0.006412392392067616)
INFO:root:
Implicit Euler Iteration: 33

INFO:root: error 157.62628786559782 in newton iteration 1
INFO:root: error 0.025425662104944954 in newton iteration 2
INFO:root: error 3.1266607044817825e-07 in newton iteration 3
INFO:root: error 1.531283640370214e-14 in newton iteration 4
INFO:root:B(0.165): (0.0006675234902352995, -0.014660293304899753, -0.009918116273634947)
INFO:root:
Implicit Euler Iteration: 34

INFO:root: error 16.84300382113098 in newton iteration 1
INFO:root: error 0.0012525328903832767 in newton iteration 2
INFO:root: error 5.7889219113742515e-06 in newton iteration 3
INFO:root: error 1.3738152121541278e-13 in newton iteration 4
INFO:root:B(0.17): (0.001342412460890371, -0.029364972403970575, -0.018741240131818146)
INFO:root:
Implicit Euler Iteration: 35

INFO:root: error 191.95459489902237 in newton iteration 1
INFO:root: error 0.007884811745818522 in newton iteration 2
INFO:root: error 1.4145174715862903e-06 in newton iteration 3
INFO:root: error 1.2593857472425049e-12 in newton iteration 4
INFO:root:B(0.17500000000000002): (0.0009110698045719945, -0.019101777644871677, -0.012018494929518751)
INFO:root:
Implicit Euler Iteration: 36

INFO:root: error 224.45737269616376 in newton iteration 1
INFO:root: error 0.03781132816532601 in newton iteration 2
INFO:root: error 3.537572251340532e-06 in newton iteration 3
INFO:root: error 1.9830491057851477e-12 in newton iteration 4
INFO:root:B(0.18): (-0.00026497872111455514, 0.0063891210765413065, 0.0038120790982697577)
INFO:root:
Implicit Euler Iteration: 37

INFO:root: error 28.712458980541694 in newton iteration 1
INFO:root: error 0.009423990501938184 in newton iteration 2
INFO:root: error 4.980296085786852e-06 in newton iteration 3
INFO:root: error 2.0311361380589185e-13 in newton iteration 4
INFO:root:B(0.185): (-0.0012214561076366462, 0.02728452182755023, 0.01656239026697109)
INFO:root:
Implicit Euler Iteration: 38

INFO:root: error 117.54267330611647 in newton iteration 1
INFO:root: error 0.0013403663457555938 in newton iteration 2
INFO:root: error 1.446251045091932e-06 in newton iteration 3
INFO:root: error 9.807525362768563e-15 in newton iteration 4
INFO:root:B(0.19): (-0.001166227423466546, 0.025590088173354265, 0.01515126855989276)
INFO:root:
Implicit Euler Iteration: 39

INFO:root: error 257.9797518618888 in newton iteration 1
INFO:root: error 0.00936610303128276 in newton iteration 2
INFO:root: error 3.4910165694272137e-06 in newton iteration 3
INFO:root: error 2.3782381519378065e-10 in newton iteration 4
INFO:root:B(0.195): (-0.00011723887649171928, 0.002409920118414499, 0.0006207439632189366)
INFO:root:
Implicit Euler Iteration: 40

INFO:root: error 81.76616518532812 in newton iteration 1
INFO:root: error 0.048018936916845244 in newton iteration 2
INFO:root: error 1.8769731201040443e-06 in newton iteration 3
INFO:root: error 4.073384163226872e-14 in newton iteration 4
INFO:root:B(0.2): (0.0010186864557607791, -0.022361555257173177, -0.014590388906762956)
INFO:root:
Implicit Euler Iteration: 41

INFO:root: error 50.67537696196683 in newton iteration 1
INFO:root: error 4.517725210097672e-06 in newton iteration 2
INFO:root: error 4.3585359782811024e-13 in newton iteration 3
INFO:root:B(0.20500000000000002): (0.001333350717625877, -0.029215544156084357, -0.018476234606943285)
INFO:root:
Implicit Euler Iteration: 42

INFO:root: error 245.62025156078656 in newton iteration 1
INFO:root: error 0.0067958693803033985 in newton iteration 2
INFO:root: error 4.02182408446182e-06 in newton iteration 3
INFO:root: error 6.131943907408117e-10 in newton iteration 4
INFO:root:B(0.21): (0.0005512902936488977, -0.011388394711913838, -0.007128035344312836)
INFO:root:
Implicit Euler Iteration: 43

INFO:root: error 157.6028165645134 in newton iteration 1
INFO:root: error 0.02351805895956581 in newton iteration 2
INFO:root: error 2.399139813456004e-07 in newton iteration 3
INFO:root: error 1.6701859485366545e-14 in newton iteration 4
INFO:root:B(0.215): (-0.0006677258206974667, 0.014991123371943296, 0.009200654692900635)
INFO:root:
Implicit Euler Iteration: 44

INFO:root: error 16.84783218419899 in newton iteration 1
INFO:root: error 0.0012543236793604617 in newton iteration 2
INFO:root: error 5.748695561698305e-06 in newton iteration 3
INFO:root: error 1.9167743615132384e-11 in newton iteration 4
INFO:root:B(0.22): (-0.0013448213385578642, 0.02968365328283024, 0.018026718529821725)
INFO:root:
Implicit Euler Iteration: 45

INFO:root: error 191.95302814975057 in newton iteration 1
INFO:root: error 0.007850653518781642 in newton iteration 2
INFO:root: error 1.3906828632115502e-06 in newton iteration 3
INFO:root: error 7.646077060719346e-13 in newton iteration 4
INFO:root:B(0.225): (-0.0009160829262897162, 0.019401437307806402, 0.011302368775743846)
INFO:root:
Implicit Euler Iteration: 46

INFO:root: error 224.46032482356483 in newton iteration 1
INFO:root: error 0.03784148687009965 in newton iteration 2
INFO:root: error 4.127363736288468e-06 in newton iteration 3
INFO:root: error 3.888973859009603e-12 in newton iteration 4
INFO:root:B(0.23): (0.0002616576986011747, -0.006134148347487383, -0.004544488576313525)
INFO:root:
Implicit Euler Iteration: 47

INFO:root: error 28.688254028575454 in newton iteration 1
INFO:root: error 0.010783526549077686 in newton iteration 2
INFO:root: error 5.069352324048459e-06 in newton iteration 3
INFO:root: error 2.0766468341358184e-13 in newton iteration 4
INFO:root:B(0.23500000000000001): (0.0012161683578481041, -0.02703482589747113, -0.017285530157737625)
INFO:root:
Implicit Euler Iteration: 48

INFO:root: error 117.54282013415181 in newton iteration 1
INFO:root: error 0.0013403117571694672 in newton iteration 2
INFO:root: error 1.4753335152898392e-06 in newton iteration 3
INFO:root: error 1.0398955750467891e-14 in newton iteration 4
INFO:root:B(0.24): (0.0011588157106430129, -0.025346088777390485, -0.01586530838796056)
INFO:root:
Implicit Euler Iteration: 49

INFO:root: error 257.9815751370786 in newton iteration 1
INFO:root: error 0.010326316318187364 in newton iteration 2
INFO:root: error 3.958293708486914e-06 in newton iteration 3
INFO:root: error 1.498711557058574e-10 in newton iteration 4
INFO:root:B(0.245): (0.00010506770785685628, -0.00221091873029902, -0.0013578129871465636)
INFO:root:
Implicit Euler Iteration: 50

INFO:root: error 81.68263186534392 in newton iteration 1
INFO:root: error 0.05350883224043869 in newton iteration 2
INFO:root: error 1.954301661159498e-06 in newton iteration 3
INFO:root: error 3.102792047679868e-14 in newton iteration 4
INFO:root:B(0.25): (-0.0010298064227329837, 0.02255714064306785, 0.013864390055975489)
INFO:root:
Implicit Euler Iteration: 51

INFO:root: error 50.67835623071457 in newton iteration 1
INFO:root: error 4.185837877174635e-06 in newton iteration 2
INFO:root: error 7.776619978828429e-13 in newton iteration 3
INFO:root:B(0.255): (-0.001347035271553898, 0.029408546622220855, 0.017759693227994075)
INFO:root:
Implicit Euler Iteration: 52

INFO:root: error 245.61504049724593 in newton iteration 1
INFO:root: error 0.006743032553415934 in newton iteration 2
INFO:root: error 3.9671639476760726e-06 in newton iteration 3
INFO:root: error 2.450155518802151e-10 in newton iteration 4
INFO:root:B(0.26): (-0.0005694978680139632, 0.011567662940674314, 0.006408774243012176)
INFO:root:
Implicit Euler Iteration: 53

INFO:root: error 157.6225975050209 in newton iteration 1
INFO:root: error 0.02498948655821654 in newton iteration 2
INFO:root: error 2.969901250890362e-07 in newton iteration 3
INFO:root: error 9.90304817663921e-14 in newton iteration 4
INFO:root:B(0.265): (0.0006492317856955275, -0.014823006141694479, -0.009916654182610393)
INFO:root:
Implicit Euler Iteration: 54

INFO:root: error 16.843880773249808 in newton iteration 1
INFO:root: error 0.001252303770794514 in newton iteration 2
INFO:root: error 5.77637517484773e-06 in newton iteration 3
INFO:root: error 6.668612723256367e-13 in newton iteration 4
INFO:root:B(0.27): (0.0013252733919973446, -0.029520134378108995, -0.01873626803700695)
INFO:root:
Implicit Euler Iteration: 55

INFO:root: error 191.95434433082073 in newton iteration 1
INFO:root: error 0.007879399177901616 in newton iteration 2
INFO:root: error 1.4037727147407584e-06 in newton iteration 3
INFO:root: error 1.0752386386915979e-12 in newton iteration 4
INFO:root:B(0.275): (0.0008956947797420837, -0.019246682770043853, -0.012009033606653105)
INFO:root:
Implicit Euler Iteration: 56

INFO:root: error 224.45823911309338 in newton iteration 1
INFO:root: error 0.03791111257734801 in newton iteration 2
INFO:root: error 3.640553562901509e-06 in newton iteration 3
INFO:root: error 2.9363258230722644e-12 in newton iteration 4
INFO:root:B(0.28): (-0.0002780935788963913, 0.0062591477190194755, 0.003826583615865487)
INFO:root:
Implicit Euler Iteration: 57

INFO:root: error 28.709214579448673 in newton iteration 1
INFO:root: error 0.009631589903648825 in newton iteration 2
INFO:root: error 4.99157928761338e-06 in newton iteration 3
INFO:root: error 2.0378614805985502e-13 in newton iteration 4
INFO:root:B(0.28500000000000003): (-0.001233598661747823, 0.027160346038996433, 0.01657927436660707)
INFO:root:
Implicit Euler Iteration: 58

INFO:root: error 117.54266016781567 in newton iteration 1
INFO:root: error 0.001341531879565662 in newton iteration 2
INFO:root: error 1.4515805247402141e-06 in newton iteration 3
INFO:root: error 4.5358968668726113e-13 in newton iteration 4
INFO:root:B(0.29): (-0.001177338834471668, 0.02547189263821387, 0.015170781789846934)
INFO:root:
Implicit Euler Iteration: 59

INFO:root: error 257.9801024828834 in newton iteration 1
INFO:root: error 0.00953495210401544 in newton iteration 2
INFO:root: error 3.4848521906526515e-06 in newton iteration 3
INFO:root: error 2.2488122571808475e-10 in newton iteration 4
INFO:root:B(0.295): (-0.00012463011044040251, 0.002309323264222613, 0.0006502807657002569)
INFO:root:
Implicit Euler Iteration: 60

INFO:root: error 81.75563963665662 in newton iteration 1
INFO:root: error 0.04897222937084601 in newton iteration 2
INFO:root: error 1.882496899033501e-06 in newton iteration 3
INFO:root: error 1.1770419844306077e-13 in newton iteration 4
INFO:root:B(0.3): (0.001011583904356252, -0.022457838516726888, -0.014560244922254847)
INFO:root:
Implicit Euler Iteration: 61

INFO:root: error 50.67585114210193 in newton iteration 1
INFO:root: error 4.413983186737746e-06 in newton iteration 2
INFO:root: error 7.436711862597167e-13 in newton iteration 3
INFO:root:B(0.305): (0.0013270811344044434, -0.02930785380556033, -0.018445184789094984)
INFO:root:
Implicit Euler Iteration: 62

INFO:root: error 245.61964781780165 in newton iteration 1
INFO:root: error 0.006780223385715994 in newton iteration 2
INFO:root: error 3.9723399759593604e-06 in newton iteration 3
INFO:root: error 5.200310748818431e-10 in newton iteration 4
INFO:root:B(0.31): (0.0005466005056262275, -0.011473924654703623, -0.007094806710102121)
INFO:root:
Implicit Euler Iteration: 63

INFO:root: error 157.60592957606033 in newton iteration 1
INFO:root: error 0.023813699726818186 in newton iteration 2
INFO:root: error 2.351700290997436e-07 in newton iteration 3
INFO:root: error 1.3003074671937919e-15 in newton iteration 4
INFO:root:B(0.315): (-0.0006711082643006728, 0.014910857204877401, 0.009234348825025239)
INFO:root:
Implicit Euler Iteration: 64

INFO:root: error 16.847162888840998 in newton iteration 1
INFO:root: error 0.001255433258615215 in newton iteration 2
INFO:root: error 5.756994604094987e-06 in newton iteration 3
INFO:root: error 1.2934762142116697e-13 in newton iteration 4
INFO:root:B(0.32): (-0.0013474852545491936, 0.029606580865523494, 0.018060860165068617)
INFO:root:
Implicit Euler Iteration: 65

INFO:root: error 191.95321805051253 in newton iteration 1
INFO:root: error 0.007854142416723331 in newton iteration 2
INFO:root: error 1.3924984022414344e-06 in newton iteration 3
INFO:root: error 7.683857145356522e-13 in newton iteration 4
INFO:root:B(0.325): (-0.000917565266456891, 0.019328537193910807, 0.011336879259677473)
INFO:root:
Implicit Euler Iteration: 66

INFO:root: error 224.46007787349612 in newton iteration 1
INFO:root: error 0.03784561600586135 in newton iteration 2
INFO:root: error 4.095300311433437e-06 in newton iteration 3
INFO:root: error 4.729500874683814e-12 in newton iteration 4
INFO:root:B(0.33): (0.0002612372596194786, -0.006199141018374204, -0.004508169530611847)
INFO:root:
Implicit Euler Iteration: 67

INFO:root: error 28.69114561987156 in newton iteration 1
INFO:root: error 0.010592872065275682 in newton iteration 2
INFO:root: error 5.057708849757652e-06 in newton iteration 3
INFO:root: error 2.0662172250083589e-13 in newton iteration 4
INFO:root:B(0.335): (0.0012163038061531897, -0.027097539100971246, -0.017249380352208996)
INFO:root:
Implicit Euler Iteration: 68

INFO:root: error 117.54282526936052 in newton iteration 1
INFO:root: error 0.0013397505638673454 in newton iteration 2
INFO:root: error 1.4729534649137782e-06 in newton iteration 3
INFO:root: error 1.0325499289989195e-14 in newton iteration 4
INFO:root:B(0.34): (0.001159367818695516, -0.02540649190335761, -0.01582930042154956)
INFO:root:
Implicit Euler Iteration: 69

INFO:root: error 257.9814134221331 in newton iteration 1
INFO:root: error 0.010210855298477503 in newton iteration 2
INFO:root: error 3.8383692600299065e-06 in newton iteration 3
INFO:root: error 4.0083101061057427e-10 in newton iteration 4
INFO:root:B(0.34500000000000003): (0.0001075013057403002, -0.002262403213837242, -0.0013178552697532867)
INFO:root:
Implicit Euler Iteration: 70

INFO:root: error 81.69115718411979 in newton iteration 1
INFO:root: error 0.05265359660281474 in newton iteration 2
INFO:root: error 1.913698042371895e-06 in newton iteration 3
INFO:root: error 4.614492845127502e-13 in newton iteration 4
INFO:root:B(0.35000000000000003): (-0.001027307342740935, 0.02250728381281132, 0.013903420256687846)
INFO:root:
Implicit Euler Iteration: 71

INFO:root: error 50.678015977143836 in newton iteration 1
INFO:root: error 4.233782643542535e-06 in newton iteration 2
INFO:root: error 9.78853153704976e-13 in newton iteration 3
INFO:root:B(0.355): (-0.0013440502215438426, 0.029360218344145844, 0.017798164825851885)
INFO:root:
Implicit Euler Iteration: 72

INFO:root: error 245.61549644334758 in newton iteration 1
INFO:root: error 0.006752530835124834 in newton iteration 2
INFO:root: error 3.995801132546825e-06 in newton iteration 3
INFO:root: error 2.708935550106543e-10 in newton iteration 4
INFO:root:B(0.36): (-0.0005655358195261975, 0.011522506883202211, 0.0064474835013489246)
INFO:root:
Implicit Euler Iteration: 73

INFO:root: error 157.62000239111993 in newton iteration 1
INFO:root: error 0.02477909133214046 in newton iteration 2
INFO:root: error 2.7964854738793984e-07 in newton iteration 3
INFO:root: error 1.058539797740349e-14 in newton iteration 4
INFO:root:B(0.365): (0.0006537203580392046, -0.01486576651497512, -0.00987876617566601)
INFO:root:
Implicit Euler Iteration: 74

INFO:root: error 16.844306410053356 in newton iteration 1
INFO:root: error 0.0012525080753811343 in newton iteration 2
INFO:root: error 5.771310999201076e-06 in newton iteration 3
INFO:root: error 1.609132974380922e-13 in newton iteration 4
INFO:root:B(0.37): (0.0013301223049041815, -0.02956153387002926, -0.01869890824559983)
INFO:root:
Implicit Euler Iteration: 75

INFO:root: error 191.95421233547458 in newton iteration 1
INFO:root: error 0.007876682746400819 in newton iteration 2
INFO:root: error 1.4014747447395548e-06 in newton iteration 3
INFO:root: error 1.0373086564995008e-12 in newton iteration 4
INFO:root:B(0.375): (0.0009010372480041522, -0.019286015286598415, -0.01197210365234357)
INFO:root:
Implicit Euler Iteration: 76

INFO:root: error 224.45843864082872 in newton iteration 1
INFO:root: error 0.03792522203204026 in newton iteration 2
INFO:root: error 3.7066313956102846e-06 in newton iteration 3
INFO:root: error 2.3652609448042828e-12 in newton iteration 4
INFO:root:B(0.38): (-0.0002722749118524166, 0.006223813658512127, 0.003863736745788258)
INFO:root:
Implicit Euler Iteration: 77

INFO:root: error 28.70723418429788 in newton iteration 1
INFO:root: error 0.009741402556150662 in newton iteration 2
INFO:root: error 4.995676501112015e-06 in newton iteration 3
INFO:root: error 2.0317940855085292e-13 in newton iteration 4
INFO:root:B(0.385): (-0.0012275888934563015, 0.02712589761909953, 0.016615608800870423)
INFO:root:
Implicit Euler Iteration: 78

INFO:root: error 117.54266055662131 in newton iteration 1
INFO:root: error 0.0013420121013232845 in newton iteration 2
INFO:root: error 1.4531653784082668e-06 in newton iteration 3
INFO:root: error 9.97658599347011e-15 in newton iteration 4
INFO:root:B(0.39): (-0.0011711006472702773, 0.025438405109588544, 0.015206407574740195)
INFO:root:
Implicit Euler Iteration: 79

INFO:root: error 257.9801637369136 in newton iteration 1
INFO:root: error 0.009605441267268441 in newton iteration 2
INFO:root: error 3.42434690305725e-06 in newton iteration 3
INFO:root: error 2.4118215291972257e-10 in newton iteration 4
INFO:root:B(0.395): (-0.00011771724161744058, 0.0022805286457810883, 0.0006878386703042122)
INFO:root:
Implicit Euler Iteration: 80

INFO:root: error 81.74918921080165 in newton iteration 1
INFO:root: error 0.049405557502701675 in newton iteration 2
INFO:root: error 1.8848273024986787e-06 in newton iteration 3
INFO:root: error 4.4128055398863515e-13 in newton iteration 4
INFO:root:B(0.4): (0.001018292053177144, -0.02248600584873696, -0.014523850447279602)
INFO:root:
Implicit Euler Iteration: 81

INFO:root: error 50.67608117813082 in newton iteration 1
INFO:root: error 4.370327661767304e-06 in newton iteration 2
INFO:root: error 7.2744322634637e-14 in newton iteration 3
INFO:root:B(0.405): (0.0013339600557043853, -0.02933539207774553, -0.018409604087829285)
INFO:root:
Implicit Euler Iteration: 82

INFO:root: error 245.61903929179968 in newton iteration 1
INFO:root: error 0.006763612177079954 in newton iteration 2
INFO:root: error 4.051429803953193e-06 in newton iteration 3
INFO:root: error 5.014619498390148e-10 in newton iteration 4
INFO:root:B(0.41000000000000003): (0.0005538547795530371, -0.011499844871297089, -0.007059407630602492)
INFO:root:
Implicit Euler Iteration: 83

INFO:root: error 157.60730585055504 in newton iteration 1
INFO:root: error 0.02392999182754572 in newton iteration 2
INFO:root: error 2.46750686955742e-07 in newton iteration 3
INFO:root: error 1.4438353010953504e-14 in newton iteration 4
INFO:root:B(0.41500000000000004): (-0.0006637288988971942, 0.014886101804417101, 0.009268850049242678)
INFO:root:
Implicit Euler Iteration: 84

INFO:root: error 16.84685263933429 in newton iteration 1
INFO:root: error 0.0012555360705049875 in newton iteration 2
INFO:root: error 5.760777118913338e-06 in newton iteration 3
INFO:root: error 1.5891827228238888e-13 in newton iteration 4
INFO:root:B(0.42): (-0.0013399941200499168, 0.02958239238358977, 0.0180946328648657)
INFO:root:
Implicit Euler Iteration: 85

INFO:root: error 191.95331786262005 in newton iteration 1
INFO:root: error 0.007855926692876516 in newton iteration 2
INFO:root: error 1.3939760203416875e-06 in newton iteration 3
INFO:root: error 7.910749623728623e-13 in newton iteration 4
INFO:root:B(0.425): (-0.0009098497446168376, 0.019305250659434694, 0.011369910684744711)
INFO:root:
Implicit Euler Iteration: 86

INFO:root: error 224.45968455916827 in newton iteration 1
INFO:root: error 0.03781058276425384 in newton iteration 2
INFO:root: error 4.079672862987176e-06 in newton iteration 3
INFO:root: error 5.474735963845424e-12 in newton iteration 4
INFO:root:B(0.43): (0.0002688041404033549, -0.006219673185870566, -0.00447473469502777)
INFO:root:
Implicit Euler Iteration: 87

INFO:root: error 28.692266813220048 in newton iteration 1
INFO:root: error 0.010514989650090973 in newton iteration 2
INFO:root: error 5.0529287588035605e-06 in newton iteration 3
INFO:root: error 2.0626984323746748e-13 in newton iteration 4
INFO:root:B(0.435): (0.0012238762971744643, -0.02711774185316069, -0.017216809865705143)
INFO:root:
Implicit Euler Iteration: 88

INFO:root: error 117.54282198162285 in newton iteration 1
INFO:root: error 0.0013394134416437956 in newton iteration 2
INFO:root: error 1.4717405036267634e-06 in newton iteration 3
INFO:root: error 1.0296728098280346e-14 in newton iteration 4
INFO:root:B(0.44): (0.0011669325328637868, -0.02542633552239654, -0.015797515821235147)
INFO:root:
Implicit Euler Iteration: 89

INFO:root: error 257.98134720879494 in newton iteration 1
INFO:root: error 0.010147298537572373 in newton iteration 2
INFO:root: error 3.795873796618728e-06 in newton iteration 3
INFO:root: error 2.3740216730961147e-10 in newton iteration 4
INFO:root:B(0.445): (0.00011526989092103043, -0.0022792041730836914, -0.0012847600390870715)
INFO:root:
Implicit Euler Iteration: 90

INFO:root: error 81.69558408791113 in newton iteration 1
INFO:root: error 0.052234617604046615 in newton iteration 2
INFO:root: error 1.9040639147774984e-06 in newton iteration 3
INFO:root: error 3.8344299549505705e-13 in newton iteration 4
INFO:root:B(0.45): (-0.0010198153340645073, 0.02249063896403422, 0.013935410172014022)
INFO:root:
Implicit Euler Iteration: 91

INFO:root: error 50.677833761770465 in newton iteration 1
INFO:root: error 4.243056099015961e-06 in newton iteration 2
INFO:root: error 9.788320693169705e-13 in newton iteration 3
INFO:root:B(0.455): (-0.0013365205765228964, 0.029343746620209773, 0.017829320838298808)
INFO:root:
Implicit Euler Iteration: 92

INFO:root: error 245.61574793078 in newton iteration 1
INFO:root: error 0.006757769068709816 in newton iteration 2
INFO:root: error 4.013622399528128e-06 in newton iteration 3
INFO:root: error 2.8487800731633816e-10 in newton iteration 4
INFO:root:B(0.46): (-0.000557850328816935, 0.011506884635490464, 0.006478346192858095)
INFO:root:
Implicit Euler Iteration: 93

INFO:root: error 157.61872088390132 in newton iteration 1
INFO:root: error 0.02465227519046815 in newton iteration 2
INFO:root: error 2.767153682542049e-07 in newton iteration 3
INFO:root: error 1.686553776836687e-14 in newton iteration 4
INFO:root:B(0.465): (0.0006613025694698078, -0.01488075522180988, -0.009848698479555558)
INFO:root:
Implicit Euler Iteration: 94

INFO:root: error 16.844568601118315 in newton iteration 1
INFO:root: error 0.001251766373554228 in newton iteration 2
INFO:root: error 5.768137510113993e-06 in newton iteration 3
INFO:root: error 1.3691317611947497e-13 in newton iteration 4
INFO:root:B(0.47000000000000003): (0.0013376914059653573, -0.029576241983413402, -0.018669464604557495)
INFO:root:
Implicit Euler Iteration: 95

INFO:root: error 191.95413541812786 in newton iteration 1
INFO:root: error 0.007875377237006742 in newton iteration 2
INFO:root: error 1.4000117648141304e-06 in newton iteration 3
INFO:root: error 1.0186007719926772e-12 in newton iteration 4
INFO:root:B(0.47500000000000003): (0.0009085685689582764, -0.01930014087393712, -0.011943179312755556)
INFO:root:
Implicit Euler Iteration: 96

INFO:root: error 224.45847424467786 in newton iteration 1
INFO:root: error 0.037919836350283204 in newton iteration 2
INFO:root: error 3.7528642042895585e-06 in newton iteration 3
INFO:root: error 3.960391215878379e-12 in newton iteration 4
INFO:root:B(0.48): (-0.00026501639357963896, 0.006211343709926436, 0.0038927429299636406)
INFO:root:
Implicit Euler Iteration: 97

INFO:root: error 28.70609250454798 in newton iteration 1
INFO:root: error 0.009812157550055774 in newton iteration 2
INFO:root: error 4.999207564403695e-06 in newton iteration 3
INFO:root: error 2.0359094220432652e-13 in newton iteration 4
INFO:root:B(0.485): (-0.0012203987145007864, 0.02711348596834477, 0.01664381434850965)
INFO:root:
Implicit Euler Iteration: 98

INFO:root: error 117.54266592346171 in newton iteration 1
INFO:root: error 0.0013423265318585125 in newton iteration 2
INFO:root: error 1.4541900264044667e-06 in newton iteration 3
INFO:root: error 1.0073191362440958e-14 in newton iteration 4
INFO:root:B(0.49): (-0.0011639444874097936, 0.025426089888889274, 0.015233865776883676)
INFO:root:
Implicit Euler Iteration: 99

INFO:root: error 257.9802004353982 in newton iteration 1
INFO:root: error 0.009651215888667448 in newton iteration 2
INFO:root: error 3.511367906785686e-06 in newton iteration 3
INFO:root: error 2.42470967184923e-10 in newton iteration 4
INFO:root:B(0.495): (-0.00011073304149936231, 0.0022700571673286364, 0.0007161700425968692)
DEBUG:matplotlib.pyplot:Loaded backend qt5agg version unknown.
DEBUG:matplotlib.pyplot:Loaded backend Qt5Agg version unknown.
DEBUG:matplotlib.pyplot:Loaded backend Qt5Agg version unknown.
DEBUG:matplotlib.font_manager:findfont: Matching sans\-serif:style=normal:variant=normal:weight=normal:stretch=normal:size=12.0.
DEBUG:matplotlib.font_manager:findfont: score(<Font 'cmmi10' (cmmi10.ttf) normal normal 400 normal>) = 10.05
DEBUG:matplotlib.font_manager:findfont: score(<Font 'STIXNonUnicode' (STIXNonUni.ttf) normal normal regular normal>) = 10.05
DEBUG:matplotlib.font_manager:findfont: score(<Font 'DejaVu Sans' (DejaVuSans.ttf) normal normal 400 normal>) = 0.05
DEBUG:matplotlib.font_manager:findfont: score(<Font 'STIXGeneral' (STIXGeneralBolIta.ttf) italic normal 700 normal>) = 11.335
DEBUG:matplotlib.font_manager:findfont: score(<Font 'STIXSizeFourSym' (STIXSizFourSymReg.ttf) normal normal regular normal>) = 10.05
DEBUG:matplotlib.font_manager:findfont: score(<Font 'cmsy10' (cmsy10.ttf) normal normal 400 normal>) = 10.05
DEBUG:matplotlib.font_manager:findfont: score(<Font 'DejaVu Sans' (DejaVuSans-Bold.ttf) normal normal 700 normal>) = 0.33499999999999996
DEBUG:matplotlib.font_manager:findfont: score(<Font 'STIXNonUnicode' (STIXNonUniBol.ttf) normal normal 700 normal>) = 10.335
DEBUG:matplotlib.font_manager:findfont: score(<Font 'STIXNonUnicode' (STIXNonUniIta.ttf) italic normal 400 normal>) = 11.05
DEBUG:matplotlib.font_manager:findfont: score(<Font 'cmtt10' (cmtt10.ttf) normal normal 400 normal>) = 10.05
DEBUG:matplotlib.font_manager:findfont: score(<Font 'DejaVu Sans Mono' (DejaVuSansMono-Bold.ttf) normal normal 700 normal>) = 10.335
DEBUG:matplotlib.font_manager:findfont: score(<Font 'STIXSizeFiveSym' (STIXSizFiveSymReg.ttf) normal normal regular normal>) = 10.05
DEBUG:matplotlib.font_manager:findfont: score(<Font 'DejaVu Sans Display' (DejaVuSansDisplay.ttf) normal normal 400 normal>) = 10.05
DEBUG:matplotlib.font_manager:findfont: score(<Font 'STIXSizeThreeSym' (STIXSizThreeSymReg.ttf) normal normal regular normal>) = 10.05
DEBUG:matplotlib.font_manager:findfont: score(<Font 'DejaVu Sans' (DejaVuSans-BoldOblique.ttf) oblique normal 700 normal>) = 1.335
DEBUG:matplotlib.font_manager:findfont: score(<Font 'STIXGeneral' (STIXGeneral.ttf) normal normal regular normal>) = 10.05
DEBUG:matplotlib.font_manager:findfont: score(<Font 'cmr10' (cmr10.ttf) normal normal 400 normal>) = 10.05
DEBUG:matplotlib.font_manager:findfont: score(<Font 'STIXSizeTwoSym' (STIXSizTwoSymBol.ttf) normal normal 700 normal>) = 10.335
DEBUG:matplotlib.font_manager:findfont: score(<Font 'STIXSizeThreeSym' (STIXSizThreeSymBol.ttf) normal normal 700 normal>) = 10.335
DEBUG:matplotlib.font_manager:findfont: score(<Font 'STIXSizeFourSym' (STIXSizFourSymBol.ttf) normal normal 700 normal>) = 10.335
DEBUG:matplotlib.font_manager:findfont: score(<Font 'DejaVu Serif' (DejaVuSerif.ttf) normal normal 400 normal>) = 10.05
DEBUG:matplotlib.font_manager:findfont: score(<Font 'DejaVu Sans Mono' (DejaVuSansMono.ttf) normal normal 400 normal>) = 10.05
DEBUG:matplotlib.font_manager:findfont: score(<Font 'cmex10' (cmex10.ttf) normal normal 400 normal>) = 10.05
DEBUG:matplotlib.font_manager:findfont: score(<Font 'DejaVu Serif Display' (DejaVuSerifDisplay.ttf) normal normal 400 normal>) = 10.05
DEBUG:matplotlib.font_manager:findfont: score(<Font 'DejaVu Sans' (DejaVuSans-Oblique.ttf) oblique normal 400 normal>) = 1.05
DEBUG:matplotlib.font_manager:findfont: score(<Font 'STIXSizeTwoSym' (STIXSizTwoSymReg.ttf) normal normal regular normal>) = 10.05
DEBUG:matplotlib.font_manager:findfont: score(<Font 'STIXSizeOneSym' (STIXSizOneSymBol.ttf) normal normal 700 normal>) = 10.335
DEBUG:matplotlib.font_manager:findfont: score(<Font 'DejaVu Serif' (DejaVuSerif-Bold.ttf) normal normal 700 normal>) = 10.335
DEBUG:matplotlib.font_manager:findfont: score(<Font 'STIXGeneral' (STIXGeneralBol.ttf) normal normal 700 normal>) = 10.335
DEBUG:matplotlib.font_manager:findfont: score(<Font 'cmb10' (cmb10.ttf) normal normal 400 normal>) = 10.05
DEBUG:matplotlib.font_manager:findfont: score(<Font 'STIXSizeOneSym' (STIXSizOneSymReg.ttf) normal normal regular normal>) = 10.05
DEBUG:matplotlib.font_manager:findfont: score(<Font 'STIXGeneral' (STIXGeneralItalic.ttf) italic normal 400 normal>) = 11.05
DEBUG:matplotlib.font_manager:findfont: score(<Font 'STIXNonUnicode' (STIXNonUniBolIta.ttf) italic normal 700 normal>) = 11.335
DEBUG:matplotlib.font_manager:findfont: score(<Font 'DejaVu Serif' (DejaVuSerif-BoldItalic.ttf) italic normal 700 normal>) = 11.335
DEBUG:matplotlib.font_manager:findfont: score(<Font 'cmss10' (cmss10.ttf) normal normal 400 normal>) = 10.05
DEBUG:matplotlib.font_manager:findfont: score(<Font 'DejaVu Serif' (DejaVuSerif-Italic.ttf) italic normal 400 normal>) = 11.05
DEBUG:matplotlib.font_manager:findfont: score(<Font 'DejaVu Sans Mono' (DejaVuSansMono-BoldOblique.ttf) oblique normal 700 normal>) = 11.335
DEBUG:matplotlib.font_manager:findfont: score(<Font 'DejaVu Sans Mono' (DejaVuSansMono-Oblique.ttf) oblique normal 400 normal>) = 11.05
DEBUG:matplotlib.font_manager:findfont: score(<Font 'padmaa' (padmaa-Medium-0.5.ttf) normal normal normal normal>) = 10.0
DEBUG:matplotlib.font_manager:findfont: score(<Font 'Umpush' (Umpush-BoldOblique.ttf) oblique normal 700 normal>) = 11.335
DEBUG:matplotlib.font_manager:findfont: score(<Font 'Rasa' (Rasa-Light.ttf) normal normal light normal>) = 10.24
DEBUG:matplotlib.font_manager:findfont: score(<Font 'Noto Sans CJK JP' (NotoSansCJK-Regular.ttc) normal normal 400 normal>) = 10.05
DEBUG:matplotlib.font_manager:findfont: score(<Font 'Liberation Serif' (LiberationSerif-Bold.ttf) normal normal 700 normal>) = 10.335
DEBUG:matplotlib.font_manager:findfont: score(<Font 'Phetsarath OT' (Phetsarath_OT.ttf) normal normal 400 normal>) = 10.05
DEBUG:matplotlib.font_manager:findfont: score(<Font 'Laksaman' (Laksaman-BoldItalic.ttf) italic normal 700 normal>) = 11.335
DEBUG:matplotlib.font_manager:findfont: score(<Font 'Ubuntu' (Ubuntu-BI.ttf) italic normal 700 normal>) = 11.335
DEBUG:matplotlib.font_manager:findfont: score(<Font 'Nimbus Mono PS' (NimbusMonoPS-Bold.otf) normal normal 700 normal>) = 10.335
DEBUG:matplotlib.font_manager:findfont: score(<Font 'Kinnari' (Kinnari.ttf) normal normal 400 normal>) = 10.05
DEBUG:matplotlib.font_manager:findfont: score(<Font 'Noto Mono' (NotoMono-Regular.ttf) normal normal 400 normal>) = 10.05
DEBUG:matplotlib.font_manager:findfont: score(<Font 'KacstDigital' (KacstDigital.ttf) normal normal 400 normal>) = 10.05
DEBUG:matplotlib.font_manager:findfont: score(<Font 'P052' (P052-Italic.otf) italic normal 400 normal>) = 11.05
DEBUG:matplotlib.font_manager:findfont: score(<Font 'KacstBook' (KacstBook.ttf) normal normal book normal>) = 10.05
DEBUG:matplotlib.font_manager:findfont: score(<Font 'Gayathri' (Gayathri-Bold.otf) normal normal 700 normal>) = 10.335
DEBUG:matplotlib.font_manager:findfont: score(<Font 'Kinnari' (Kinnari-Bold.ttf) normal normal 700 normal>) = 10.335
DEBUG:matplotlib.font_manager:findfont: score(<Font 'Samanata' (samanata.ttf) normal normal 400 normal>) = 10.05
DEBUG:matplotlib.font_manager:findfont: score(<Font 'Lohit Gurmukhi' (Lohit-Gurmukhi.ttf) normal normal 400 normal>) = 10.05
DEBUG:matplotlib.font_manager:findfont: score(<Font 'OpenSymbol' (opens___.ttf) normal normal 400 normal>) = 10.05
DEBUG:matplotlib.font_manager:findfont: score(<Font 'Liberation Sans Narrow' (LiberationSansNarrow-Regular.ttf) normal normal 400 condensed>) = 10.25
DEBUG:matplotlib.font_manager:findfont: score(<Font 'Sawasdee' (Sawasdee.ttf) normal normal 400 normal>) = 10.05
DEBUG:matplotlib.font_manager:findfont: score(<Font 'Ubuntu' (Ubuntu-L.ttf) normal normal light normal>) = 10.24
DEBUG:matplotlib.font_manager:findfont: score(<Font 'Liberation Mono' (LiberationMono-Italic.ttf) italic normal 400 normal>) = 11.05
DEBUG:matplotlib.font_manager:findfont: score(<Font 'Laksaman' (Laksaman.ttf) normal normal 400 normal>) = 10.05
DEBUG:matplotlib.font_manager:findfont: score(<Font 'FreeMono' (FreeMonoBold.ttf) normal normal 700 normal>) = 10.335
DEBUG:matplotlib.font_manager:findfont: score(<Font 'Norasi' (Norasi-Bold.ttf) normal normal 700 normal>) = 10.335
DEBUG:matplotlib.font_manager:findfont: score(<Font 'Ubuntu' (Ubuntu-LI.ttf) italic normal light normal>) = 11.24
DEBUG:matplotlib.font_manager:findfont: score(<Font 'Padauk Book' (PadaukBook-Bold.ttf) normal normal 700 normal>) = 10.335
DEBUG:matplotlib.font_manager:findfont: score(<Font 'Liberation Sans Narrow' (LiberationSansNarrow-BoldItalic.ttf) italic normal 700 condensed>) = 11.535
DEBUG:matplotlib.font_manager:findfont: score(<Font 'Liberation Sans' (LiberationSans-Italic.ttf) italic normal 400 normal>) = 11.05
DEBUG:matplotlib.font_manager:findfont: score(<Font 'FreeSans' (FreeSansBoldOblique.ttf) oblique normal 700 normal>) = 11.335
DEBUG:matplotlib.font_manager:findfont: score(<Font 'Tlwg Typist' (TlwgTypist-Bold.ttf) normal normal 700 normal>) = 10.335
DEBUG:matplotlib.font_manager:findfont: score(<Font 'Lohit Kannada' (Lohit-Kannada.ttf) normal normal 400 normal>) = 10.05
DEBUG:matplotlib.font_manager:findfont: score(<Font 'FreeMono' (FreeMonoOblique.ttf) oblique normal 400 normal>) = 11.05
DEBUG:matplotlib.font_manager:findfont: score(<Font 'Rekha' (Rekha.ttf) normal normal 400 normal>) = 10.05
DEBUG:matplotlib.font_manager:findfont: score(<Font 'Umpush' (Umpush-Light.ttf) normal normal light normal>) = 10.24
DEBUG:matplotlib.font_manager:findfont: score(<Font 'Noto Sans CJK JP' (NotoSansCJK-Bold.ttc) normal normal 700 normal>) = 10.335
DEBUG:matplotlib.font_manager:findfont: score(<Font 'Yrsa' (Yrsa-Medium.ttf) normal normal medium normal>) = 10.145
DEBUG:matplotlib.font_manager:findfont: score(<Font 'Ubuntu Mono' (UbuntuMono-R.ttf) normal normal 400 normal>) = 10.05
DEBUG:matplotlib.font_manager:findfont: score(<Font 'Laksaman' (Laksaman-Bold.ttf) normal normal 700 normal>) = 10.335
DEBUG:matplotlib.font_manager:findfont: score(<Font 'DejaVu Serif' (DejaVuSerif.ttf) normal normal 400 normal>) = 10.05
DEBUG:matplotlib.font_manager:findfont: score(<Font 'Yrsa' (Yrsa-Regular.ttf) normal normal 400 normal>) = 10.05
DEBUG:matplotlib.font_manager:findfont: score(<Font 'URW Gothic' (URWGothic-Book.otf) normal normal book normal>) = 10.05
DEBUG:matplotlib.font_manager:findfont: score(<Font 'Khmer OS' (KhmerOS.ttf) normal normal 400 normal>) = 10.05
DEBUG:matplotlib.font_manager:findfont: score(<Font 'DejaVu Serif' (DejaVuSerif-Bold.ttf) normal normal 700 normal>) = 10.335
DEBUG:matplotlib.font_manager:findfont: score(<Font 'Karumbi' (Karumbi-Regular.ttf) normal normal regular normal>) = 10.05
DEBUG:matplotlib.font_manager:findfont: score(<Font 'Norasi' (Norasi-Oblique.ttf) oblique normal 400 normal>) = 11.05
DEBUG:matplotlib.font_manager:findfont: score(<Font 'Saab' (Saab.ttf) normal normal 400 normal>) = 10.05
DEBUG:matplotlib.font_manager:findfont: score(<Font 'Liberation Sans' (LiberationSans-BoldItalic.ttf) italic normal 700 normal>) = 11.335
DEBUG:matplotlib.font_manager:findfont: score(<Font 'Liberation Serif' (LiberationSerif-Bold.ttf) normal normal 700 normal>) = 10.335
DEBUG:matplotlib.font_manager:findfont: score(<Font 'Yrsa' (Yrsa-Light.ttf) normal normal light normal>) = 10.24
DEBUG:matplotlib.font_manager:findfont: score(<Font 'Ubuntu' (Ubuntu-B.ttf) normal normal 700 normal>) = 10.335
DEBUG:matplotlib.font_manager:findfont: score(<Font 'Lohit Tamil Classical' (Lohit-Tamil-Classical.ttf) normal normal 400 normal>) = 10.05
DEBUG:matplotlib.font_manager:findfont: score(<Font 'Liberation Serif' (LiberationSerif-Italic.ttf) italic normal 400 normal>) = 11.05
DEBUG:matplotlib.font_manager:findfont: score(<Font 'Tlwg Mono' (TlwgMono-BoldOblique.ttf) oblique normal 700 normal>) = 11.335
DEBUG:matplotlib.font_manager:findfont: score(<Font 'Tlwg Mono' (TlwgMono-Bold.ttf) normal normal 700 normal>) = 10.335
DEBUG:matplotlib.font_manager:findfont: score(<Font 'Samyak Tamil' (Samyak-Tamil.ttf) normal normal 400 normal>) = 10.05
DEBUG:matplotlib.font_manager:findfont: score(<Font 'Tlwg Typewriter' (TlwgTypewriter.ttf) normal normal 400 normal>) = 10.05
DEBUG:matplotlib.font_manager:findfont: score(<Font 'Ubuntu Mono' (UbuntuMono-RI.ttf) italic normal 400 normal>) = 11.05
DEBUG:matplotlib.font_manager:findfont: score(<Font 'Sarai' (Sarai.ttf) normal normal 400 normal>) = 10.05
DEBUG:matplotlib.font_manager:findfont: score(<Font 'Padauk' (Padauk-Bold.ttf) normal normal 700 normal>) = 10.335
DEBUG:matplotlib.font_manager:findfont: score(<Font 'Umpush' (Umpush-LightOblique.ttf) oblique normal light normal>) = 11.24
DEBUG:matplotlib.font_manager:findfont: score(<Font 'Loma' (Loma-Bold.ttf) normal normal 700 normal>) = 10.335
DEBUG:matplotlib.font_manager:findfont: score(<Font 'Ubuntu' (Ubuntu-Th.ttf) normal normal 400 normal>) = 10.05
DEBUG:matplotlib.font_manager:findfont: score(<Font 'Purisa' (Purisa-Bold.ttf) normal normal 700 normal>) = 10.335
DEBUG:matplotlib.font_manager:findfont: score(<Font 'KacstScreen' (KacstScreen.ttf) normal normal 400 normal>) = 10.05
DEBUG:matplotlib.font_manager:findfont: score(<Font 'C059' (C059-Bold.otf) normal normal 700 normal>) = 10.335
DEBUG:matplotlib.font_manager:findfont: score(<Font 'Padauk' (Padauk-Regular.ttf) normal normal 400 normal>) = 10.05
DEBUG:matplotlib.font_manager:findfont: score(<Font 'Navilu' (Navilu.ttf) normal normal 400 normal>) = 10.05
DEBUG:matplotlib.font_manager:findfont: score(<Font 'Nimbus Mono PS' (NimbusMonoPS-Italic.otf) italic normal 400 normal>) = 11.05
DEBUG:matplotlib.font_manager:findfont: score(<Font 'FreeSerif' (FreeSerifBoldItalic.ttf) italic normal 700 normal>) = 11.335
DEBUG:matplotlib.font_manager:findfont: score(<Font 'RaghuMalayalamSans' (RaghuMalayalamSans-Regular.ttf) normal normal regular normal>) = 10.05
DEBUG:matplotlib.font_manager:findfont: score(<Font 'Nimbus Sans Narrow' (NimbusSansNarrow-Bold.otf) normal normal 700 condensed>) = 10.535
DEBUG:matplotlib.font_manager:findfont: score(<Font 'Liberation Mono' (LiberationMono-Regular.ttf) normal normal 400 normal>) = 10.05
DEBUG:matplotlib.font_manager:findfont: score(<Font 'Ubuntu' (Ubuntu-RI.ttf) italic normal 400 normal>) = 11.05
DEBUG:matplotlib.font_manager:findfont: score(<Font 'Lohit Bengali' (Lohit-Bengali.ttf) normal normal 400 normal>) = 10.05
DEBUG:matplotlib.font_manager:findfont: score(<Font 'Uroob' (Uroob-Regular.ttf) normal normal regular normal>) = 10.05
DEBUG:matplotlib.font_manager:findfont: score(<Font 'Sawasdee' (Sawasdee-Oblique.ttf) oblique normal 400 normal>) = 11.05
DEBUG:matplotlib.font_manager:findfont: score(<Font 'Yrsa' (Yrsa-SemiBold.ttf) normal normal semibold normal>) = 10.24
DEBUG:matplotlib.font_manager:findfont: score(<Font 'URW Bookman' (URWBookman-Demi.otf) normal normal book normal>) = 10.05
DEBUG:matplotlib.font_manager:findfont: score(<Font 'Waree' (Waree.ttf) normal normal 400 normal>) = 10.05
DEBUG:matplotlib.font_manager:findfont: score(<Font 'Nimbus Sans' (NimbusSans-Bold.otf) normal normal 700 normal>) = 10.335
DEBUG:matplotlib.font_manager:findfont: score(<Font 'KacstQurn' (KacstQurn.ttf) normal normal 400 normal>) = 10.05
DEBUG:matplotlib.font_manager:findfont: score(<Font 'Kalimati' (kalimati.ttf) normal normal 400 normal>) = 10.05
DEBUG:matplotlib.font_manager:findfont: score(<Font 'AnjaliOldLipi' (AnjaliOldLipi-Regular.ttf) normal normal regular normal>) = 10.05
DEBUG:matplotlib.font_manager:findfont: score(<Font 'Lohit Malayalam' (Lohit-Malayalam.ttf) normal normal 400 normal>) = 10.05
DEBUG:matplotlib.font_manager:findfont: score(<Font 'Keraleeyam' (Keraleeyam-Regular.ttf) normal normal regular normal>) = 10.05
DEBUG:matplotlib.font_manager:findfont: score(<Font 'FreeSerif' (FreeSerifBold.ttf) normal normal 700 normal>) = 10.335
DEBUG:matplotlib.font_manager:findfont: score(<Font 'Kinnari' (Kinnari-Oblique.ttf) oblique normal 400 normal>) = 11.05
DEBUG:matplotlib.font_manager:findfont: score(<Font 'Standard Symbols PS' (StandardSymbolsPS.otf) normal normal 400 normal>) = 10.05
DEBUG:matplotlib.font_manager:findfont: score(<Font 'Gayathri' (Gayathri-Regular.otf) normal normal regular normal>) = 10.05
DEBUG:matplotlib.font_manager:findfont: score(<Font 'Mukti Narrow' (MuktiNarrowBold.ttf) normal normal 700 normal>) = 10.335
DEBUG:matplotlib.font_manager:findfont: score(<Font 'Tlwg Typist' (TlwgTypist.ttf) normal normal 400 normal>) = 10.05
DEBUG:matplotlib.font_manager:findfont: score(<Font 'Dyuthi' (Dyuthi-Regular.ttf) normal normal regular normal>) = 10.05
DEBUG:matplotlib.font_manager:findfont: score(<Font 'Ubuntu Condensed' (Ubuntu-C.ttf) normal normal 400 condensed>) = 10.25
DEBUG:matplotlib.font_manager:findfont: score(<Font 'Garuda' (Garuda-BoldOblique.ttf) oblique normal 700 normal>) = 11.335
DEBUG:matplotlib.font_manager:findfont: score(<Font 'Manjari' (Manjari-Regular.otf) normal normal regular normal>) = 10.05
DEBUG:matplotlib.font_manager:findfont: score(<Font 'Norasi' (Norasi.ttf) normal normal 400 normal>) = 10.05
DEBUG:matplotlib.font_manager:findfont: score(<Font 'Liberation Serif' (LiberationSerif-Regular.ttf) normal normal 400 normal>) = 10.05
DEBUG:matplotlib.font_manager:findfont: score(<Font 'Purisa' (Purisa-BoldOblique.ttf) oblique normal 700 normal>) = 11.335
DEBUG:matplotlib.font_manager:findfont: score(<Font 'D050000L' (D050000L.otf) normal normal 400 normal>) = 10.05
DEBUG:matplotlib.font_manager:findfont: score(<Font 'FreeSans' (FreeSans.ttf) normal normal 400 normal>) = 10.05
DEBUG:matplotlib.font_manager:findfont: score(<Font 'URW Bookman' (URWBookman-LightItalic.otf) italic normal light normal>) = 11.24
DEBUG:matplotlib.font_manager:findfont: score(<Font 'Nimbus Sans Narrow' (NimbusSansNarrow-Oblique.otf) oblique normal 400 condensed>) = 11.25
DEBUG:matplotlib.font_manager:findfont: score(<Font 'P052' (P052-BoldItalic.otf) italic normal 700 normal>) = 11.335
DEBUG:matplotlib.font_manager:findfont: score(<Font 'Sawasdee' (Sawasdee-Bold.ttf) normal normal 700 normal>) = 10.335
DEBUG:matplotlib.font_manager:findfont: score(<Font 'KacstTitleL' (KacstTitleL.ttf) normal normal 400 normal>) = 10.05
DEBUG:matplotlib.font_manager:findfont: score(<Font 'Kinnari' (Kinnari-BoldOblique.ttf) oblique normal 700 normal>) = 11.335
DEBUG:matplotlib.font_manager:findfont: score(<Font 'Liberation Sans' (LiberationSans-Regular.ttf) normal normal 400 normal>) = 10.05
DEBUG:matplotlib.font_manager:findfont: score(<Font 'Ubuntu' (Ubuntu-R.ttf) normal normal 400 normal>) = 10.05
DEBUG:matplotlib.font_manager:findfont: score(<Font 'Lohit Telugu' (Lohit-Telugu.ttf) normal normal 400 normal>) = 10.05
DEBUG:matplotlib.font_manager:findfont: score(<Font 'padmaa-Bold.1.1' (padmaa-Bold.1.1.ttf) normal normal 700 normal>) = 10.335
DEBUG:matplotlib.font_manager:findfont: score(<Font 'Samyak Malayalam' (Samyak-Malayalam.ttf) normal normal 400 normal>) = 10.05
DEBUG:matplotlib.font_manager:findfont: score(<Font 'Loma' (Loma.ttf) normal normal 400 normal>) = 10.05
DEBUG:matplotlib.font_manager:findfont: score(<Font 'Nimbus Mono PS' (NimbusMonoPS-Regular.otf) normal normal 400 normal>) = 10.05
DEBUG:matplotlib.font_manager:findfont: score(<Font 'KacstPoster' (KacstPoster.ttf) normal normal 400 normal>) = 10.05
DEBUG:matplotlib.font_manager:findfont: score(<Font 'Lohit Tamil' (Lohit-Tamil.ttf) normal normal 400 normal>) = 10.05
DEBUG:matplotlib.font_manager:findfont: score(<Font 'Sawasdee' (Sawasdee-BoldOblique.ttf) oblique normal 700 normal>) = 11.335
DEBUG:matplotlib.font_manager:findfont: score(<Font 'Lohit Devanagari' (Lohit-Devanagari.ttf) normal normal 400 normal>) = 10.05
DEBUG:matplotlib.font_manager:findfont: score(<Font 'Waree' (Waree-Oblique.ttf) oblique normal 400 normal>) = 11.05
DEBUG:matplotlib.font_manager:findfont: score(<Font 'FreeMono' (FreeMono.ttf) normal normal 400 normal>) = 10.05
DEBUG:matplotlib.font_manager:findfont: score(<Font 'Liberation Sans' (LiberationSans-Italic.ttf) italic normal 400 normal>) = 11.05
DEBUG:matplotlib.font_manager:findfont: score(<Font 'Rasa' (Rasa-Bold.ttf) normal normal 700 normal>) = 10.335
DEBUG:matplotlib.font_manager:findfont: score(<Font 'Mitra Mono' (mitra.ttf) normal normal 400 normal>) = 10.05
DEBUG:matplotlib.font_manager:findfont: score(<Font 'Manjari' (Manjari-Thin.otf) normal normal 400 normal>) = 10.05
DEBUG:matplotlib.font_manager:findfont: score(<Font 'Purisa' (Purisa.ttf) normal normal 400 normal>) = 10.05
DEBUG:matplotlib.font_manager:findfont: score(<Font 'Khmer OS System' (KhmerOSsys.ttf) normal normal 400 normal>) = 10.05
DEBUG:matplotlib.font_manager:findfont: score(<Font 'KacstNaskh' (KacstNaskh.ttf) normal normal 400 normal>) = 10.05
DEBUG:matplotlib.font_manager:findfont: score(<Font 'Garuda' (Garuda.ttf) normal normal 400 normal>) = 10.05
DEBUG:matplotlib.font_manager:findfont: score(<Font 'DejaVu Sans' (DejaVuSans-Bold.ttf) normal normal 700 normal>) = 0.33499999999999996
DEBUG:matplotlib.font_manager:findfont: score(<Font 'Tlwg Typo' (TlwgTypo-Bold.ttf) normal normal 700 normal>) = 10.335
DEBUG:matplotlib.font_manager:findfont: score(<Font 'Lohit Assamese' (Lohit-Assamese.ttf) normal normal 400 normal>) = 10.05
DEBUG:matplotlib.font_manager:findfont: score(<Font 'Liberation Mono' (LiberationMono-Regular.ttf) normal normal 400 normal>) = 10.05
DEBUG:matplotlib.font_manager:findfont: score(<Font 'Lohit Gujarati' (Lohit-Gujarati.ttf) normal normal 400 normal>) = 10.05
DEBUG:matplotlib.font_manager:findfont: score(<Font 'Liberation Serif' (LiberationSerif-BoldItalic.ttf) italic normal 700 normal>) = 11.335
DEBUG:matplotlib.font_manager:findfont: score(<Font 'Sahadeva' (sahadeva.ttf) normal normal 400 normal>) = 10.05
DEBUG:matplotlib.font_manager:findfont: score(<Font 'Yrsa' (Yrsa-Bold.ttf) normal normal 700 normal>) = 10.335
DEBUG:matplotlib.font_manager:findfont: score(<Font 'Norasi' (Norasi-BoldItalic.ttf) italic normal 700 normal>) = 11.335
DEBUG:matplotlib.font_manager:findfont: score(<Font 'Rasa' (Rasa-Medium.ttf) normal normal medium normal>) = 10.145
DEBUG:matplotlib.font_manager:findfont: score(<Font 'Liberation Serif' (LiberationSerif-Italic.ttf) italic normal 400 normal>) = 11.05
DEBUG:matplotlib.font_manager:findfont: score(<Font 'Liberation Serif' (LiberationSerif-BoldItalic.ttf) italic normal 700 normal>) = 11.335
DEBUG:matplotlib.font_manager:findfont: score(<Font 'Norasi' (Norasi-BoldOblique.ttf) oblique normal 700 normal>) = 11.335
DEBUG:matplotlib.font_manager:findfont: score(<Font 'P052' (P052-Roman.otf) normal normal roman normal>) = 10.145
DEBUG:matplotlib.font_manager:findfont: score(<Font 'Nimbus Sans' (NimbusSans-Italic.otf) italic normal 400 normal>) = 11.05
DEBUG:matplotlib.font_manager:findfont: score(<Font 'Nimbus Roman' (NimbusRoman-Bold.otf) normal normal 700 normal>) = 10.335
DEBUG:matplotlib.font_manager:findfont: score(<Font 'Liberation Mono' (LiberationMono-BoldItalic.ttf) italic normal 700 normal>) = 11.335
DEBUG:matplotlib.font_manager:findfont: score(<Font 'Vemana2000' (vemana2000.ttf) normal normal 400 normal>) = 10.05
DEBUG:matplotlib.font_manager:findfont: score(<Font 'URW Gothic' (URWGothic-DemiOblique.otf) oblique normal demi normal>) = 11.24
DEBUG:matplotlib.font_manager:findfont: score(<Font 'Nimbus Sans' (NimbusSans-BoldItalic.otf) italic normal 700 normal>) = 11.335
DEBUG:matplotlib.font_manager:findfont: score(<Font 'Liberation Mono' (LiberationMono-Italic.ttf) italic normal 400 normal>) = 11.05
DEBUG:matplotlib.font_manager:findfont: score(<Font 'Nimbus Mono PS' (NimbusMonoPS-BoldItalic.otf) italic normal 700 normal>) = 11.335
DEBUG:matplotlib.font_manager:findfont: score(<Font 'Rachana' (Rachana-Regular.ttf) normal normal regular normal>) = 10.05
DEBUG:matplotlib.font_manager:findfont: score(<Font 'Liberation Sans' (LiberationSans-Regular.ttf) normal normal 400 normal>) = 10.05
DEBUG:matplotlib.font_manager:findfont: score(<Font 'KacstDecorative' (KacstDecorative.ttf) normal normal 400 normal>) = 10.05
DEBUG:matplotlib.font_manager:findfont: score(<Font 'P052' (P052-Bold.otf) normal normal 700 normal>) = 10.335
DEBUG:matplotlib.font_manager:findfont: score(<Font 'ori1Uni' (utkal.ttf) normal normal medium normal>) = 10.145
DEBUG:matplotlib.font_manager:findfont: score(<Font 'Waree' (Waree-Bold.ttf) normal normal 700 normal>) = 10.335
DEBUG:matplotlib.font_manager:findfont: score(<Font 'Nimbus Roman' (NimbusRoman-Regular.otf) normal normal roman normal>) = 10.145
DEBUG:matplotlib.font_manager:findfont: score(<Font 'Ubuntu Mono' (UbuntuMono-BI.ttf) italic normal 700 normal>) = 11.335
DEBUG:matplotlib.font_manager:findfont: score(<Font 'Liberation Sans' (LiberationSans-Bold.ttf) normal normal 700 normal>) = 10.335
DEBUG:matplotlib.font_manager:findfont: score(<Font 'Loma' (Loma-BoldOblique.ttf) oblique normal 700 normal>) = 11.335
DEBUG:matplotlib.font_manager:findfont: score(<Font 'FreeSans' (FreeSansOblique.ttf) oblique normal 400 normal>) = 11.05
DEBUG:matplotlib.font_manager:findfont: score(<Font 'Meera' (Meera-Regular.ttf) normal normal regular normal>) = 10.05
DEBUG:matplotlib.font_manager:findfont: score(<Font 'LKLUG' (lklug.ttf) normal normal 400 normal>) = 10.05
DEBUG:matplotlib.font_manager:findfont: score(<Font 'Samyak Gujarati' (Samyak-Gujarati.ttf) normal normal 400 normal>) = 10.05
DEBUG:matplotlib.font_manager:findfont: score(<Font 'DejaVu Sans' (DejaVuSans.ttf) normal normal 400 normal>) = 0.05
DEBUG:matplotlib.font_manager:findfont: score(<Font 'Tlwg Typist' (TlwgTypist-BoldOblique.ttf) oblique normal 700 normal>) = 11.335
DEBUG:matplotlib.font_manager:findfont: score(<Font 'Garuda' (Garuda-Oblique.ttf) oblique normal 400 normal>) = 11.05
DEBUG:matplotlib.font_manager:findfont: score(<Font 'Rasa' (Rasa-Regular.ttf) normal normal 400 normal>) = 10.05
DEBUG:matplotlib.font_manager:findfont: score(<Font 'FreeSans' (FreeSansBold.ttf) normal normal 700 normal>) = 10.335
DEBUG:matplotlib.font_manager:findfont: score(<Font 'Kinnari' (Kinnari-Italic.ttf) italic normal 400 normal>) = 11.05
DEBUG:matplotlib.font_manager:findfont: score(<Font 'Gubbi' (Gubbi.ttf) normal normal 400 normal>) = 10.05
DEBUG:matplotlib.font_manager:findfont: score(<Font 'Jamrul' (JamrulNormal.ttf) normal normal 400 normal>) = 10.05
DEBUG:matplotlib.font_manager:findfont: score(<Font 'Tlwg Mono' (TlwgMono-Oblique.ttf) oblique normal 400 normal>) = 11.05
DEBUG:matplotlib.font_manager:findfont: score(<Font 'Gargi' (Gargi.ttf) normal normal 400 normal>) = 10.05
DEBUG:matplotlib.font_manager:findfont: score(<Font 'Pothana2000' (Pothana2000.ttf) normal normal 400 normal>) = 10.05
DEBUG:matplotlib.font_manager:findfont: score(<Font 'Ubuntu' (Ubuntu-MI.ttf) italic normal 700 normal>) = 11.335
DEBUG:matplotlib.font_manager:findfont: score(<Font 'Rasa' (Rasa-SemiBold.ttf) normal normal semibold normal>) = 10.24
DEBUG:matplotlib.font_manager:findfont: score(<Font 'Suruma' (Suruma.ttf) normal normal 400 normal>) = 10.05
DEBUG:matplotlib.font_manager:findfont: score(<Font 'Noto Serif CJK JP' (NotoSerifCJK-Regular.ttc) normal normal 400 normal>) = 10.05
DEBUG:matplotlib.font_manager:findfont: score(<Font 'KacstOne' (KacstOne.ttf) normal normal 400 normal>) = 10.05
DEBUG:matplotlib.font_manager:findfont: score(<Font 'Gayathri' (Gayathri-Thin.otf) normal normal 400 normal>) = 10.05
DEBUG:matplotlib.font_manager:findfont: score(<Font 'padmaa' (padmaa.ttf) normal normal 400 normal>) = 10.05
DEBUG:matplotlib.font_manager:findfont: score(<Font 'Pagul' (Pagul.ttf) normal normal 400 normal>) = 10.05
DEBUG:matplotlib.font_manager:findfont: score(<Font 'URW Gothic' (URWGothic-Demi.otf) normal normal demi normal>) = 10.24
DEBUG:matplotlib.font_manager:findfont: score(<Font 'Liberation Sans Narrow' (LiberationSansNarrow-Bold.ttf) normal normal 700 condensed>) = 10.535
DEBUG:matplotlib.font_manager:findfont: score(<Font 'Liberation Sans Narrow' (LiberationSansNarrow-Italic.ttf) italic normal 400 condensed>) = 11.25
DEBUG:matplotlib.font_manager:findfont: score(<Font 'DejaVu Sans Mono' (DejaVuSansMono-Bold.ttf) normal normal 700 normal>) = 10.335
DEBUG:matplotlib.font_manager:findfont: score(<Font 'Waree' (Waree-BoldOblique.ttf) oblique normal 700 normal>) = 11.335
DEBUG:matplotlib.font_manager:findfont: score(<Font 'Nimbus Sans Narrow' (NimbusSansNarrow-BoldOblique.otf) oblique normal 700 condensed>) = 11.535
DEBUG:matplotlib.font_manager:findfont: score(<Font 'Loma' (Loma-Oblique.ttf) oblique normal 400 normal>) = 11.05
DEBUG:matplotlib.font_manager:findfont: score(<Font 'Umpush' (Umpush-Oblique.ttf) oblique normal 400 normal>) = 11.05
DEBUG:matplotlib.font_manager:findfont: score(<Font 'Tlwg Typewriter' (TlwgTypewriter-Bold.ttf) normal normal 700 normal>) = 10.335
DEBUG:matplotlib.font_manager:findfont: score(<Font 'Liberation Sans' (LiberationSans-Bold.ttf) normal normal 700 normal>) = 10.335
DEBUG:matplotlib.font_manager:findfont: score(<Font 'URW Gothic' (URWGothic-BookOblique.otf) oblique normal book normal>) = 11.05
DEBUG:matplotlib.font_manager:findfont: score(<Font 'KacstArt' (KacstArt.ttf) normal normal 400 normal>) = 10.05
DEBUG:matplotlib.font_manager:findfont: score(<Font 'Ubuntu Mono' (UbuntuMono-B.ttf) normal normal 700 normal>) = 10.335
DEBUG:matplotlib.font_manager:findfont: score(<Font 'Kinnari' (Kinnari-BoldItalic.ttf) italic normal 700 normal>) = 11.335
DEBUG:matplotlib.font_manager:findfont: score(<Font 'Ubuntu' (Ubuntu-M.ttf) normal normal 700 normal>) = 10.335
DEBUG:matplotlib.font_manager:findfont: score(<Font 'Liberation Sans' (LiberationSans-BoldItalic.ttf) italic normal 700 normal>) = 11.335
DEBUG:matplotlib.font_manager:findfont: score(<Font 'URW Bookman' (URWBookman-DemiItalic.otf) italic normal book normal>) = 11.05
DEBUG:matplotlib.font_manager:findfont: score(<Font 'Umpush' (Umpush.ttf) normal normal 400 normal>) = 10.05
DEBUG:matplotlib.font_manager:findfont: score(<Font 'Mukti Narrow' (MuktiNarrow.ttf) normal normal 400 normal>) = 10.05
DEBUG:matplotlib.font_manager:findfont: score(<Font 'Lohit Odia' (Lohit-Odia.ttf) normal normal 400 normal>) = 10.05
DEBUG:matplotlib.font_manager:findfont: score(<Font 'Liberation Mono' (LiberationMono-BoldItalic.ttf) italic normal 700 normal>) = 11.335
DEBUG:matplotlib.font_manager:findfont: score(<Font 'Nimbus Sans Narrow' (NimbusSansNarrow-Regular.otf) normal normal 400 condensed>) = 10.25
DEBUG:matplotlib.font_manager:findfont: score(<Font 'Liberation Mono' (LiberationMono-Bold.ttf) normal normal 700 normal>) = 10.335
DEBUG:matplotlib.font_manager:findfont: score(<Font 'Nakula' (nakula.ttf) normal normal 400 normal>) = 10.05
DEBUG:matplotlib.font_manager:findfont: score(<Font 'Liberation Mono' (LiberationMono-Bold.ttf) normal normal 700 normal>) = 10.335
DEBUG:matplotlib.font_manager:findfont: score(<Font 'C059' (C059-Italic.otf) italic normal 400 normal>) = 11.05
DEBUG:matplotlib.font_manager:findfont: score(<Font 'Nimbus Sans' (NimbusSans-Regular.otf) normal normal 400 normal>) = 10.05
DEBUG:matplotlib.font_manager:findfont: score(<Font 'Tlwg Typo' (TlwgTypo-Oblique.ttf) oblique normal 400 normal>) = 11.05
DEBUG:matplotlib.font_manager:findfont: score(<Font 'Z003' (Z003-MediumItalic.otf) italic normal medium normal>) = 11.145
DEBUG:matplotlib.font_manager:findfont: score(<Font 'KacstOffice' (KacstOffice.ttf) normal normal 400 normal>) = 10.05
DEBUG:matplotlib.font_manager:findfont: score(<Font 'Tlwg Typo' (TlwgTypo.ttf) normal normal 400 normal>) = 10.05
DEBUG:matplotlib.font_manager:findfont: score(<Font 'KacstLetter' (KacstLetter.ttf) normal normal 400 normal>) = 10.05
DEBUG:matplotlib.font_manager:findfont: score(<Font 'Noto Serif CJK JP' (NotoSerifCJK-Bold.ttc) normal normal 700 normal>) = 10.335
DEBUG:matplotlib.font_manager:findfont: score(<Font 'Ani' (ani.ttf) normal normal 400 normal>) = 10.05
DEBUG:matplotlib.font_manager:findfont: score(<Font 'Garuda' (Garuda-Bold.ttf) normal normal 700 normal>) = 10.335
DEBUG:matplotlib.font_manager:findfont: score(<Font 'C059' (C059-BdIta.otf) italic normal 700 normal>) = 11.335
DEBUG:matplotlib.font_manager:findfont: score(<Font 'Norasi' (Norasi-Italic.ttf) italic normal 400 normal>) = 11.05
DEBUG:matplotlib.font_manager:findfont: score(<Font 'FreeSerif' (FreeSerif.ttf) normal normal 400 normal>) = 10.05
DEBUG:matplotlib.font_manager:findfont: score(<Font 'URW Bookman' (URWBookman-Light.otf) normal normal light normal>) = 10.24
DEBUG:matplotlib.font_manager:findfont: score(<Font 'Padauk Book' (PadaukBook-Regular.ttf) normal normal book normal>) = 10.05
DEBUG:matplotlib.font_manager:findfont: score(<Font 'Tlwg Typist' (TlwgTypist-Oblique.ttf) oblique normal 400 normal>) = 11.05
DEBUG:matplotlib.font_manager:findfont: score(<Font 'Umpush' (Umpush-Bold.ttf) normal normal 700 normal>) = 10.335
DEBUG:matplotlib.font_manager:findfont: score(<Font 'Tlwg Mono' (TlwgMono.ttf) normal normal 400 normal>) = 10.05
DEBUG:matplotlib.font_manager:findfont: score(<Font 'Purisa' (Purisa-Oblique.ttf) oblique normal 400 normal>) = 11.05
DEBUG:matplotlib.font_manager:findfont: score(<Font 'FreeMono' (FreeMonoBoldOblique.ttf) oblique normal 700 normal>) = 11.335
DEBUG:matplotlib.font_manager:findfont: score(<Font 'mry_KacstQurn' (mry_KacstQurn.ttf) normal normal 400 normal>) = 10.05
DEBUG:matplotlib.font_manager:findfont: score(<Font 'aakar' (aakar-medium.ttf) normal normal 400 normal>) = 10.05
DEBUG:matplotlib.font_manager:findfont: score(<Font 'KacstPen' (KacstPen.ttf) normal normal 400 normal>) = 10.05
DEBUG:matplotlib.font_manager:findfont: score(<Font 'KacstOne' (KacstOne-Bold.ttf) normal normal 700 normal>) = 10.335
DEBUG:matplotlib.font_manager:findfont: score(<Font 'Samyak Devanagari' (Samyak-Devanagari.ttf) normal normal 400 normal>) = 10.05
DEBUG:matplotlib.font_manager:findfont: score(<Font 'C059' (C059-Roman.otf) normal normal roman normal>) = 10.145
DEBUG:matplotlib.font_manager:findfont: score(<Font 'Chilanka' (Chilanka-Regular.otf) normal normal regular normal>) = 10.05
DEBUG:matplotlib.font_manager:findfont: score(<Font 'Abyssinica SIL' (AbyssinicaSIL-Regular.ttf) normal normal 400 normal>) = 10.05
DEBUG:matplotlib.font_manager:findfont: score(<Font 'Liberation Serif' (LiberationSerif-Regular.ttf) normal normal 400 normal>) = 10.05
DEBUG:matplotlib.font_manager:findfont: score(<Font 'Laksaman' (Laksaman-Italic.ttf) italic normal 400 normal>) = 11.05
DEBUG:matplotlib.font_manager:findfont: score(<Font 'DejaVu Sans Mono' (DejaVuSansMono.ttf) normal normal 400 normal>) = 10.05
DEBUG:matplotlib.font_manager:findfont: score(<Font 'Manjari' (Manjari-Bold.otf) normal normal 700 normal>) = 10.335
DEBUG:matplotlib.font_manager:findfont: score(<Font 'Chandas' (chandas1-2.ttf) normal normal 400 normal>) = 10.05
DEBUG:matplotlib.font_manager:findfont: score(<Font 'Droid Sans Fallback' (DroidSansFallbackFull.ttf) normal normal 400 normal>) = 10.05
DEBUG:matplotlib.font_manager:findfont: score(<Font 'Rachana' (Rachana-Bold.ttf) normal normal 700 normal>) = 10.335
DEBUG:matplotlib.font_manager:findfont: score(<Font 'Kalapi' (Kalapi.ttf) normal normal 400 normal>) = 10.05
DEBUG:matplotlib.font_manager:findfont: score(<Font 'Likhan' (LikhanNormal.ttf) normal normal 400 normal>) = 10.05
DEBUG:matplotlib.font_manager:findfont: score(<Font 'FreeSerif' (FreeSerifItalic.ttf) italic normal 400 normal>) = 11.05
DEBUG:matplotlib.font_manager:findfont: score(<Font 'Nimbus Roman' (NimbusRoman-BoldItalic.otf) italic normal 700 normal>) = 11.335
DEBUG:matplotlib.font_manager:findfont: score(<Font 'KacstFarsi' (KacstFarsi.ttf) normal normal 400 normal>) = 10.05
DEBUG:matplotlib.font_manager:findfont: score(<Font 'Tibetan Machine Uni' (TibetanMachineUni.ttf) normal normal 400 normal>) = 10.05
DEBUG:matplotlib.font_manager:findfont: score(<Font 'Tlwg Typewriter' (TlwgTypewriter-BoldOblique.ttf) oblique normal 700 normal>) = 11.335
DEBUG:matplotlib.font_manager:findfont: score(<Font 'Tlwg Typo' (TlwgTypo-BoldOblique.ttf) oblique normal 700 normal>) = 11.335
DEBUG:matplotlib.font_manager:findfont: score(<Font 'KacstTitle' (KacstTitle.ttf) normal normal 400 normal>) = 10.05
DEBUG:matplotlib.font_manager:findfont: score(<Font 'Nimbus Roman' (NimbusRoman-Italic.otf) italic normal roman normal>) = 11.145
DEBUG:matplotlib.font_manager:findfont: score(<Font 'Tlwg Typewriter' (TlwgTypewriter-Oblique.ttf) oblique normal 400 normal>) = 11.05
DEBUG:matplotlib.font_manager:findfont: Matching sans\-serif:style=normal:variant=normal:weight=normal:stretch=normal:size=12.0 to DejaVu Sans ('/home/ams/.local/lib/python3.8/site-packages/matplotlib/mpl-data/fonts/ttf/DejaVuSans.ttf') with score of 0.050000.
DEBUG:matplotlib.pyplot:Loaded backend Qt5Agg version unknown.
DEBUG:matplotlib.pyplot:Loaded backend Qt5Agg version unknown.
DEBUG:matplotlib.pyplot:Loaded backend Qt5Agg version unknown.
DEBUG:matplotlib.pyplot:Loaded backend Qt5Agg version unknown.
DEBUG:matplotlib.pyplot:Loaded backend Qt5Agg version unknown.
INFO:root:
TOL = 1e-08
MAX_IT = 30
MAX_STEPS = 100
dt = 0.005
eval point = (0.35000000000000003, 0, 0)
angluar frequency = 188.49555921538757

INFO:root:
Implicit Euler Iteration: 0

INFO:root: error 313.246463464787 in newton iteration 1
INFO:root: error 0.4923604402951568 in newton iteration 2
INFO:root: error 4.9123523696821454e-05 in newton iteration 3
INFO:root: error 9.160447674446347e-08 in newton iteration 4
INFO:root: error 5.794034704414588e-17 in newton iteration 5
INFO:root:B(0.0): (0.0009618036662011961, -0.022035551254764106, -0.013623040756490906)
INFO:root:
Implicit Euler Iteration: 1

INFO:root: error 50.154172942112574 in newton iteration 1
INFO:root: error 4.4826396028896e-06 in newton iteration 2
INFO:root: error 9.17380921580471e-13 in newton iteration 3
INFO:root:B(0.005): (0.00123987753843693, -0.027897797524492257, -0.016960543636598636)
INFO:root:
Implicit Euler Iteration: 2

INFO:root: error 246.2599733124507 in newton iteration 1
INFO:root: error 0.007045849952489325 in newton iteration 2
INFO:root:
TOL = 1e-08
MAX_IT = 30
MAX_STEPS = 100
dt = 0.005
eval point = (0.35000000000000003, 0, 0)
angluar frequency = 188.49555921538757

INFO:root:
Implicit Euler Iteration: 0

INFO:root: error 29.91237554655708 in newton iteration 1
INFO:root: error 0.027028120582497515 in newton iteration 2
INFO:root: error 2.3151738197648406e-06 in newton iteration 3
INFO:root: error 9.818696727621735e-13 in newton iteration 4
INFO:root:B(0.0): (-0.00028406628646647476, 0.006253930293046592, 0.003851261221653902)
INFO:root:
Implicit Euler Iteration: 1

INFO:root: error 139.9064745869661 in newton iteration 1
INFO:root: error 0.006373026295880484 in newton iteration 2
INFO:root: error 3.225232751225895e-06 in newton iteration 3
INFO:root: error 7.786667646515223e-13 in newton iteration 4
INFO:root:B(0.005): (-0.0011155110984775913, 0.025216630292598397, 0.015502377381820797)
INFO:root:
Implicit Euler Iteration: 2

DEBUG:matplotlib.pyplot:Loaded backend Qt5Agg version unknown.
DEBUG:matplotlib.pyplot:Loaded backend Qt5Agg version unknown.
INFO:root:
TOL = 1e-08
MAX_IT = 30
MAX_STEPS = 100
dt = 0.005
eval point = (0.35000000000000003, 0, 0)
angluar frequency = 188.49555921538757

INFO:root:
Implicit Euler Iteration: 0

INFO:root: error 205.0224720522205 in newton iteration 1
INFO:root: error 0.30134424044249436 in newton iteration 2
INFO:root: error 1.9370234400699957e-05 in newton iteration 3
INFO:root: error 3.614770548203372e-11 in newton iteration 4
INFO:root:B(0.0): (-0.000772935894146697, 0.01760494577535191, 0.010886884191142808)
INFO:root:
Implicit Euler Iteration: 1

INFO:root: error 188.40023255982206 in newton iteration 1
INFO:root: error 8.704625519533128e-05 in newton iteration 2
INFO:root: error 1.3374026775360141e-09 in newton iteration 3
INFO:root:B(0.005): (-0.0005382622171304648, 0.01114545650634061, 0.006696542580330194)
INFO:root:
Implicit Euler Iteration: 2

INFO:root: error 218.2396663795096 in newton iteration 1
INFO:root:
TOL = 1e-08
MAX_IT = 30
MAX_STEPS = 100
dt = 0.005
eval point = (0.35000000000000003, 0, 0)
angluar frequency = 188.49555921538757

INFO:root:
Implicit Euler Iteration: 0

INFO:root: error 205.02247205088682 in newton iteration 1
INFO:root: error 0.30134424044022373 in newton iteration 2
INFO:root: error 1.9370234400310948e-05 in newton iteration 3
INFO:root: error 3.6147705458661296e-11 in newton iteration 4
INFO:root:B(0.0): (0.0007729358941442557, -0.017604945775293677, -0.010886884191106812)
INFO:root:
Implicit Euler Iteration: 1

INFO:root: error 20.4657286406973 in newton iteration 1
INFO:root: error 0.005956951721810041 in newton iteration 2
INFO:root: error 0.00023224417500972134 in newton iteration 3
INFO:root: error 3.9422240472408657e-07 in newton iteration 4
INFO:root: error 1.0813058699278592e-14 in newton iteration 5
INFO:root:B(0.005): (0.0014644171509637445, -0.033303483064581155, -0.020382052795232846)
INFO:root:
Implicit Euler Iteration: 2

DEBUG:matplotlib.pyplot:Loaded backend Qt5Agg version unknown.
DEBUG:matplotlib.pyplot:Loaded backend Qt5Agg version unknown.
DEBUG:matplotlib.pyplot:Loaded backend Qt5Agg version unknown.
DEBUG:matplotlib.pyplot:Loaded backend Qt5Agg version unknown.
DEBUG:matplotlib.pyplot:Loaded backend Qt5Agg version unknown.
DEBUG:matplotlib.pyplot:Loaded backend Qt5Agg version unknown.
INFO:root:
TOL = 1e-08
MAX_IT = 30
MAX_STEPS = 100
dt = 0.005
eval point = (0.35000000000000003, 0, 0)
angluar frequency = 188.49555921538757

INFO:root:
Implicit Euler Iteration: 0

INFO:root: error 29.912375547353232 in newton iteration 1
INFO:root: error 0.027028120583426813 in newton iteration 2
INFO:root: error 2.315173820181028e-06 in newton iteration 3
INFO:root: error 9.818696822895121e-13 in newton iteration 4
INFO:root:B(0.0): (0.0002840662864698954, -0.0062539302931354495, -0.0038512612217097694)
INFO:root:
Implicit Euler Iteration: 1

DEBUG:matplotlib.pyplot:Loaded backend Qt5Agg version unknown.
DEBUG:matplotlib.pyplot:Loaded backend Qt5Agg version unknown.
INFO:root:
TOL = 1e-08
MAX_IT = 30
MAX_STEPS = 100
dt = 0.005
eval point = (0.35000000000000003, 0, 0)
angluar frequency = 188.49555921538757

INFO:root:
Implicit Euler Iteration: 0

INFO:root: error 108.22399141244671 in newton iteration 1
INFO:root: error 0.140101730371742 in newton iteration 2
INFO:root: error 9.866213496784987e-06 in newton iteration 3
INFO:root: error 1.0602732719433103e-11 in newton iteration 4
INFO:root:B(0.0): (-0.0005562001138855663, 0.012536218060731977, 0.007759611252380748)
INFO:root:
Implicit Euler Iteration: 1

INFO:root: error 68.89130556964334 in newton iteration 1
DEBUG:matplotlib.pyplot:Loaded backend Qt5Agg version unknown.
DEBUG:matplotlib.pyplot:Loaded backend Qt5Agg version unknown.
INFO:root:
TOL = 1e-08
MAX_IT = 30
MAX_STEPS = 100
dt = 0.005
eval point = (0.35000000000000003, 0, 0)
angluar frequency = 188.49555921538757

INFO:root:
Implicit Euler Iteration: 0

INFO:root: error 313.24646346462674 in newton iteration 1
INFO:root: error 0.4923604402952047 in newton iteration 2
INFO:root: error 4.912352369683242e-05 in newton iteration 3
INFO:root: error 9.160447674430198e-08 in newton iteration 4
INFO:root: error 5.79403510800834e-17 in newton iteration 5
INFO:root:B(0.0): (-0.0009618036662012056, 0.02203555125476411, 0.013623040756490899)
INFO:root:
Implicit Euler Iteration: 1

INFO:root: error 50.15417294207243 in newton iteration 1
INFO:root: error 4.48263960290755e-06 in newton iteration 2
INFO:root: error 9.173809217241134e-13 in newton iteration 3
INFO:root:B(0.005): (-0.0012398775384371038, 0.02789779752449614, 0.016960543636601034)
INFO:root:
Implicit Euler Iteration: 2

INFO:root: error 246.2599733124012 in newton iteration 1
