INFO:root:
TOL = 1e-06
MAX_IT = 30
time values = [0.   0.05 0.1  0.15 0.2  0.25 0.3  0.35 0.4  0.45 0.5 ]
eval point = (0.35000000000000003, 0, 0)
angluar frequency = 188.49555921538757

INFO:root:
Implicit Euler Iteration: 0

INFO:root:
TOL = 1e-06
MAX_IT = 30
time values = [0.   0.05 0.1  0.15 0.2  0.25 0.3  0.35 0.4  0.45 0.5 ]
eval point = (0.35000000000000003, 0, 0)
angluar frequency = 188.49555921538757

INFO:root:
Implicit Euler Iteration: 0

INFO:root: error 5.3989278659160994e-11 in newton iteration 1
INFO:root:B(0.0): (5.952904495188926e-16, 3.7645617000581623e-16, 3.849309076048249e-16)
INFO:root:
Implicit Euler Iteration: 1

